#
# There is insufficient memory for the Java Runtime Environment to continue.
# Native memory allocation (malloc) failed to allocate 1732416 bytes for Chunk::new
# Possible reasons:
#   The system is out of physical RAM or swap space
#   In 32 bit mode, the process size limit was hit
# Possible solutions:
#   Reduce memory load on the system
#   Increase physical memory or swap space
#   Check if swap backing store is full
#   Use 64 bit Java on a 64 bit OS
#   Decrease Java heap size (-Xmx/-Xms)
#   Decrease number of Java threads
#   Decrease Java thread stack sizes (-Xss)
#   Set larger code cache with -XX:ReservedCodeCacheSize=
# This output file may be truncated or incomplete.
#
#  Out of Memory Error (allocation.cpp:390), pid=1808, tid=1720
#
# JRE version: Java(TM) SE Runtime Environment (8.0_20-b26) (build 1.8.0_20-b26)
# Java VM: Java HotSpot(TM) 64-Bit Server VM (25.20-b23 mixed mode windows-amd64 compressed oops)
# Failed to write core dump. Minidumps are not enabled by default on client versions of Windows
#

---------------  T H R E A D  ---------------

Current thread (0x00000000152fc800):  JavaThread "C2 CompilerThread0" daemon [_thread_in_native, id=1720, stack(0x0000000016870000,0x0000000016970000)]

Stack: [0x0000000016870000,0x0000000016970000]
Native frames: (J=compiled Java code, j=interpreted, Vv=VM code, C=native code)
V  [jvm.dll+0x3152fa]
V  [jvm.dll+0x265d03]
V  [jvm.dll+0x266943]
V  [jvm.dll+0x25e265]
V  [jvm.dll+0xbe255]
V  [jvm.dll+0xbe6fc]
V  [jvm.dll+0x45c472]
V  [jvm.dll+0x49d76f]
V  [jvm.dll+0x451911]
V  [jvm.dll+0x452634]
V  [jvm.dll+0x435fc2]
V  [jvm.dll+0x97b62]
V  [jvm.dll+0x98353]
V  [jvm.dll+0x22aac4]
V  [jvm.dll+0x283f5a]
C  [msvcr100.dll+0x21d9f]
C  [msvcr100.dll+0x21e3b]
C  [KERNEL32.DLL+0x13d2]
C  [ntdll.dll+0x154e4]


Current CompileTask:
C2:   8514 1771   !   4       com.android.dx.cf.code.BytecodeArray::parseInstruction (2764 bytes)


---------------  P R O C E S S  ---------------

Java Threads: ( => current thread )
  0x0000000016fc0800 JavaThread "pool-2-thread-4" [_thread_blocked, id=3088, stack(0x0000000017d70000,0x0000000017e70000)]
  0x0000000016fc0000 JavaThread "pool-2-thread-3" [_thread_in_Java, id=6560, stack(0x0000000017c70000,0x0000000017d70000)]
  0x0000000016fbf000 JavaThread "pool-2-thread-2" [_thread_in_vm, id=4056, stack(0x0000000017b70000,0x0000000017c70000)]
  0x0000000016fb4800 JavaThread "pool-3-thread-1" [_thread_blocked, id=7724, stack(0x0000000017a70000,0x0000000017b70000)]
  0x0000000016fb4000 JavaThread "pool-2-thread-1" [_thread_blocked, id=6900, stack(0x0000000017970000,0x0000000017a70000)]
  0x000000001535b000 JavaThread "Service Thread" daemon [_thread_blocked, id=4204, stack(0x0000000016b70000,0x0000000016c70000)]
  0x0000000015348800 JavaThread "C1 CompilerThread2" daemon [_thread_blocked, id=2824, stack(0x0000000016a70000,0x0000000016b70000)]
  0x0000000015302000 JavaThread "C2 CompilerThread1" daemon [_thread_in_native, id=5540, stack(0x0000000016970000,0x0000000016a70000)]
=>0x00000000152fc800 JavaThread "C2 CompilerThread0" daemon [_thread_in_native, id=1720, stack(0x0000000016870000,0x0000000016970000)]
  0x00000000152fb000 JavaThread "Attach Listener" daemon [_thread_blocked, id=4180, stack(0x0000000016770000,0x0000000016870000)]
  0x00000000152f9800 JavaThread "Signal Dispatcher" daemon [_thread_blocked, id=4260, stack(0x0000000016670000,0x0000000016770000)]
  0x0000000002c1e800 JavaThread "Finalizer" daemon [_thread_blocked, id=4356, stack(0x0000000016570000,0x0000000016670000)]
  0x0000000002c1d800 JavaThread "Reference Handler" daemon [_thread_blocked, id=5444, stack(0x0000000016470000,0x0000000016570000)]
  0x0000000002b30800 JavaThread "main" [_thread_in_Java, id=2536, stack(0x0000000002a00000,0x0000000002b00000)]

Other Threads:
  0x00000000152c7800 VMThread [stack: 0x0000000016370000,0x0000000016470000] [id=2652]
  0x000000001535e000 WatcherThread [stack: 0x0000000016c70000,0x0000000016d70000] [id=2708]

VM state:not at safepoint (normal execution)

VM Mutex/Monitor currently owned by a thread: None

Heap:
 PSYoungGen      total 35328K, used 30801K [0x00000000eab00000, 0x00000000ef000000, 0x0000000100000000)
  eden space 32768K, 86% used [0x00000000eab00000,0x00000000ec695c00,0x00000000ecb00000)
  from space 2560K, 99% used [0x00000000ecb00000,0x00000000ecd7eaa8,0x00000000ecd80000)
  to   space 2560K, 0% used [0x00000000eed80000,0x00000000eed80000,0x00000000ef000000)
 ParOldGen       total 44032K, used 6495K [0x00000000c0000000, 0x00000000c2b00000, 0x00000000eab00000)
  object space 44032K, 14% used [0x00000000c0000000,0x00000000c0657cb0,0x00000000c2b00000)
 Metaspace       used 6239K, capacity 7152K, committed 7296K, reserved 1056768K
  class space    used 593K, capacity 616K, committed 640K, reserved 1048576K

Card table byte_map: [0x0000000011ff0000,0x0000000012200000] byte_map_base: 0x00000000119f0000

Marking Bits: (ParMarkBitMap*) 0x000000005b54b460
 Begin Bits: [0x0000000012760000, 0x0000000013760000)
 End Bits:   [0x0000000013760000, 0x0000000014760000)

Polling page: 0x0000000001200000

CodeCache: size=245760Kb used=7334Kb max_used=7352Kb free=238425Kb
 bounds [0x0000000002c30000, 0x0000000003370000, 0x0000000011c30000]
 total_blobs=2018 nmethods=1754 adapters=178
 compilation: enabled

Compilation events (10 events):
Event: 8.176 Thread 0x0000000015348800 1768       3       com.android.dx.rop.cst.CstLong::getType (4 bytes)
Event: 8.176 Thread 0x0000000015348800 nmethod 1768 0x00000000033417d0 code [0x0000000003341920, 0x0000000003341a70]
Event: 8.177 Thread 0x0000000015348800 1769       3       com.android.dx.rop.cst.CstLiteral64::equals (36 bytes)
Event: 8.177 Thread 0x0000000015348800 nmethod 1769 0x0000000003341110 code [0x0000000003341280, 0x00000000033416f0]
Event: 8.188 Thread 0x0000000015348800 1770       3       com.android.dx.rop.cst.CstNat::equals (48 bytes)
Event: 8.189 Thread 0x0000000015348800 nmethod 1770 0x00000000033402d0 code [0x00000000033404a0, 0x0000000003340e98]
Event: 8.195 Thread 0x0000000015348800 1772       2       com.android.dx.rop.code.Rop::<init> (15 bytes)
Event: 8.196 Thread 0x0000000015348800 nmethod 1772 0x000000000333ff10 code [0x0000000003340080, 0x0000000003340228]
Event: 8.197 Thread 0x00000000152fc800 nmethod 1735 0x000000000335f990 code [0x000000000335fc80, 0x0000000003361740]
Event: 8.197 Thread 0x00000000152fc800 1771   !   4       com.android.dx.cf.code.BytecodeArray::parseInstruction (2764 bytes)

GC Heap History (6 events):
Event: 0.725 GC heap before
{Heap before GC invocations=1 (full 0):
 PSYoungGen      total 18944K, used 16384K [0x00000000eab00000, 0x00000000ec000000, 0x0000000100000000)
  eden space 16384K, 100% used [0x00000000eab00000,0x00000000ebb00000,0x00000000ebb00000)
  from space 2560K, 0% used [0x00000000ebd80000,0x00000000ebd80000,0x00000000ec000000)
  to   space 2560K, 0% used [0x00000000ebb00000,0x00000000ebb00000,0x00000000ebd80000)
 ParOldGen       total 44032K, used 0K [0x00000000c0000000, 0x00000000c2b00000, 0x00000000eab00000)
  object space 44032K, 0% used [0x00000000c0000000,0x00000000c0000000,0x00000000c2b00000)
 Metaspace       used 3508K, capacity 4720K, committed 4864K, reserved 1056768K
  class space    used 374K, capacity 424K, committed 512K, reserved 1048576K
Event: 0.775 GC heap after
Heap after GC invocations=1 (full 0):
 PSYoungGen      total 18944K, used 1277K [0x00000000eab00000, 0x00000000ed000000, 0x0000000100000000)
  eden space 16384K, 0% used [0x00000000eab00000,0x00000000eab00000,0x00000000ebb00000)
  from space 2560K, 49% used [0x00000000ebb00000,0x00000000ebc3f5d0,0x00000000ebd80000)
  to   space 2560K, 0% used [0x00000000ecd80000,0x00000000ecd80000,0x00000000ed000000)
 ParOldGen       total 44032K, used 8K [0x00000000c0000000, 0x00000000c2b00000, 0x00000000eab00000)
  object space 44032K, 0% used [0x00000000c0000000,0x00000000c0002000,0x00000000c2b00000)
 Metaspace       used 3508K, capacity 4720K, committed 4864K, reserved 1056768K
  class space    used 374K, capacity 424K, committed 512K, reserved 1048576K
}
Event: 2.779 GC heap before
{Heap before GC invocations=2 (full 0):
 PSYoungGen      total 18944K, used 17661K [0x00000000eab00000, 0x00000000ed000000, 0x0000000100000000)
  eden space 16384K, 100% used [0x00000000eab00000,0x00000000ebb00000,0x00000000ebb00000)
  from space 2560K, 49% used [0x00000000ebb00000,0x00000000ebc3f5d0,0x00000000ebd80000)
  to   space 2560K, 0% used [0x00000000ecd80000,0x00000000ecd80000,0x00000000ed000000)
 ParOldGen       total 44032K, used 8K [0x00000000c0000000, 0x00000000c2b00000, 0x00000000eab00000)
  object space 44032K, 0% used [0x00000000c0000000,0x00000000c0002000,0x00000000c2b00000)
 Metaspace       used 5734K, capacity 6704K, committed 6784K, reserved 1056768K
  class space    used 592K, capacity 616K, committed 640K, reserved 1048576K
Event: 2.816 GC heap after
Heap after GC invocations=2 (full 0):
 PSYoungGen      total 35328K, used 2535K [0x00000000eab00000, 0x00000000ed000000, 0x0000000100000000)
  eden space 32768K, 0% used [0x00000000eab00000,0x00000000eab00000,0x00000000ecb00000)
  from space 2560K, 99% used [0x00000000ecd80000,0x00000000ecff9c88,0x00000000ed000000)
  to   space 2560K, 0% used [0x00000000ecb00000,0x00000000ecb00000,0x00000000ecd80000)
 ParOldGen       total 44032K, used 1447K [0x00000000c0000000, 0x00000000c2b00000, 0x00000000eab00000)
  object space 44032K, 3% used [0x00000000c0000000,0x00000000c0169ef8,0x00000000c2b00000)
 Metaspace       used 5734K, capacity 6704K, committed 6784K, reserved 1056768K
  class space    used 592K, capacity 616K, committed 640K, reserved 1048576K
}
Event: 5.569 GC heap before
{Heap before GC invocations=3 (full 0):
 PSYoungGen      total 35328K, used 35303K [0x00000000eab00000, 0x00000000ed000000, 0x0000000100000000)
  eden space 32768K, 100% used [0x00000000eab00000,0x00000000ecb00000,0x00000000ecb00000)
  from space 2560K, 99% used [0x00000000ecd80000,0x00000000ecff9c88,0x00000000ed000000)
  to   space 2560K, 0% used [0x00000000ecb00000,0x00000000ecb00000,0x00000000ecd80000)
 ParOldGen       total 44032K, used 1447K [0x00000000c0000000, 0x00000000c2b00000, 0x00000000eab00000)
  object space 44032K, 3% used [0x00000000c0000000,0x00000000c0169ef8,0x00000000c2b00000)
 Metaspace       used 6166K, capacity 7088K, committed 7296K, reserved 1056768K
  class space    used 593K, capacity 616K, committed 640K, reserved 1048576K
Event: 5.685 GC heap after
Heap after GC invocations=3 (full 0):
 PSYoungGen      total 35328K, used 2554K [0x00000000eab00000, 0x00000000ef000000, 0x0000000100000000)
  eden space 32768K, 0% used [0x00000000eab00000,0x00000000eab00000,0x00000000ecb00000)
  from space 2560K, 99% used [0x00000000ecb00000,0x00000000ecd7eaa8,0x00000000ecd80000)
  to   space 2560K, 0% used [0x00000000eed80000,0x00000000eed80000,0x00000000ef000000)
 ParOldGen       total 44032K, used 6495K [0x00000000c0000000, 0x00000000c2b00000, 0x00000000eab00000)
  object space 44032K, 14% used [0x00000000c0000000,0x00000000c0657cb0,0x00000000c2b00000)
 Metaspace       used 6166K, capacity 7088K, committed 7296K, reserved 1056768K
  class space    used 593K, capacity 616K, committed 640K, reserved 1048576K
}

Deoptimization events (8 events):
Event: 3.973 Thread 0x0000000016fc0000 Uncommon trap: reason=bimorphic action=maybe_recompile pc=0x0000000002e9d310 method=java.util.HashMap.getNode(ILjava/lang/Object;)Ljava/util/HashMap$Node; @ 126
Event: 3.973 Thread 0x0000000016fc0000 Uncommon trap: reason=bimorphic action=maybe_recompile pc=0x0000000002e9d310 method=java.util.HashMap.getNode(ILjava/lang/Object;)Ljava/util/HashMap$Node; @ 126
Event: 3.977 Thread 0x0000000016fbf000 Uncommon trap: reason=unreached action=reinterpret pc=0x0000000003121c6c method=com.android.dx.util.LabeledList.set(ILcom/android/dx/util/LabeledItem;)V @ 16
Event: 8.108 Thread 0x0000000002b30800 Uncommon trap: reason=unreached action=reinterpret pc=0x0000000002f3201c method=com.android.dx.rop.cst.Constant.compareTo(Lcom/android/dx/rop/cst/Constant;)I @ 12
Event: 8.123 Thread 0x0000000016fc0800 Uncommon trap: reason=bimorphic action=maybe_recompile pc=0x000000000326f14c method=com.android.dx.cf.code.BytecodeArray.parseInstruction(ILcom/android/dx/cf/code/BytecodeArray$Visitor;)I @ 2281
Event: 8.123 Thread 0x0000000016fc0800 Uncommon trap: reason=bimorphic action=maybe_recompile pc=0x000000000326f14c method=com.android.dx.cf.code.BytecodeArray.parseInstruction(ILcom/android/dx/cf/code/BytecodeArray$Visitor;)I @ 2281
Event: 8.137 Thread 0x0000000016fc0800 Uncommon trap: reason=bimorphic action=maybe_recompile pc=0x0000000003270264 method=com.android.dx.cf.code.BytecodeArray.parseInstruction(ILcom/android/dx/cf/code/BytecodeArray$Visitor;)I @ 1357
Event: 8.137 Thread 0x0000000016fc0800 Uncommon trap: reason=bimorphic action=maybe_recompile pc=0x0000000003270264 method=com.android.dx.cf.code.BytecodeArray.parseInstruction(ILcom/android/dx/cf/code/BytecodeArray$Visitor;)I @ 1357

Internal exceptions (10 events):
Event: 2.247 Thread 0x0000000016fbf000 Exception <a 'java/security/PrivilegedActionException'> (0x00000000eb5c3368) thrown at [D:\re\workspace\8-2-build-windows-amd64-cygwin\jdk8u20\1074\hotspot\src\share\vm\prims\jvm.cpp, line 1275]
Event: 2.249 Thread 0x0000000016fbf000 Exception <a 'java/security/PrivilegedActionException'> (0x00000000eb781908) thrown at [D:\re\workspace\8-2-build-windows-amd64-cygwin\jdk8u20\1074\hotspot\src\share\vm\prims\jvm.cpp, line 1275]
Event: 2.251 Thread 0x0000000016fb4000 Exception <a 'java/security/PrivilegedActionException'> (0x00000000eb7605f0) thrown at [D:\re\workspace\8-2-build-windows-amd64-cygwin\jdk8u20\1074\hotspot\src\share\vm\prims\jvm.cpp, line 1275]
Event: 2.263 Thread 0x0000000002b30800 Exception <a 'java/security/PrivilegedActionException'> (0x00000000eb411cb8) thrown at [D:\re\workspace\8-2-build-windows-amd64-cygwin\jdk8u20\1074\hotspot\src\share\vm\prims\jvm.cpp, line 1275]
Event: 2.270 Thread 0x0000000016fbf000 Exception <a 'java/security/PrivilegedActionException'> (0x00000000eb7907f0) thrown at [D:\re\workspace\8-2-build-windows-amd64-cygwin\jdk8u20\1074\hotspot\src\share\vm\prims\jvm.cpp, line 1275]
Event: 2.272 Thread 0x0000000002b30800 Exception <a 'java/security/PrivilegedActionException'> (0x00000000eb831100) thrown at [D:\re\workspace\8-2-build-windows-amd64-cygwin\jdk8u20\1074\hotspot\src\share\vm\prims\jvm.cpp, line 1275]
Event: 2.491 Thread 0x0000000016fb4000 Exception <a 'java/security/PrivilegedActionException'> (0x00000000eb8d8b10) thrown at [D:\re\workspace\8-2-build-windows-amd64-cygwin\jdk8u20\1074\hotspot\src\share\vm\prims\jvm.cpp, line 1275]
Event: 2.493 Thread 0x0000000016fb4000 Exception <a 'java/security/PrivilegedActionException'> (0x00000000eb8de558) thrown at [D:\re\workspace\8-2-build-windows-amd64-cygwin\jdk8u20\1074\hotspot\src\share\vm\prims\jvm.cpp, line 1275]
Event: 2.494 Thread 0x0000000016fb4000 Exception <a 'java/security/PrivilegedActionException'> (0x00000000eb8e3ce0) thrown at [D:\re\workspace\8-2-build-windows-amd64-cygwin\jdk8u20\1074\hotspot\src\share\vm\prims\jvm.cpp, line 1275]
Event: 4.019 Thread 0x0000000002b30800 Exception <a 'java/security/PrivilegedActionException'> (0x00000000ebbba3e8) thrown at [D:\re\workspace\8-2-build-windows-amd64-cygwin\jdk8u20\1074\hotspot\src\share\vm\prims\jvm.cpp, line 1275]

Events (10 events):
Event: 8.123 Thread 0x0000000016fc0800 DEOPT UNPACKING pc=0x0000000002c7556a sp=0x0000000017e6e5d0 mode 2
Event: 8.123 Thread 0x0000000016fc0800 Uncommon trap: trap_request=0xffffffc6 fr.pc=0x000000000326f14c
Event: 8.123 Thread 0x0000000016fc0800 DEOPT PACKING pc=0x000000000326f14c sp=0x0000000017e6e490
Event: 8.123 Thread 0x0000000016fc0800 DEOPT UNPACKING pc=0x0000000002c7556a sp=0x0000000017e6e430 mode 2
Event: 8.137 Thread 0x0000000016fc0800 Uncommon trap: trap_request=0xffffffc6 fr.pc=0x0000000003270264
Event: 8.137 Thread 0x0000000016fc0800 DEOPT PACKING pc=0x0000000003270264 sp=0x0000000017e6e630
Event: 8.137 Thread 0x0000000016fc0800 DEOPT UNPACKING pc=0x0000000002c7556a sp=0x0000000017e6e5c0 mode 2
Event: 8.137 Thread 0x0000000016fc0800 Uncommon trap: trap_request=0xffffffc6 fr.pc=0x0000000003270264
Event: 8.137 Thread 0x0000000016fc0800 DEOPT PACKING pc=0x0000000003270264 sp=0x0000000017e6e490
Event: 8.137 Thread 0x0000000016fc0800 DEOPT UNPACKING pc=0x0000000002c7556a sp=0x0000000017e6e420 mode 2


Dynamic libraries:
0x00007ff68b260000 - 0x00007ff68b294000 	C:\Program Files\Java\jdk1.8.0_20\bin\java.exe
0x00007ff8493e0000 - 0x00007ff84958d000 	C:\windows\SYSTEM32\ntdll.dll
0x00007ff848ff0000 - 0x00007ff84912e000 	C:\windows\system32\KERNEL32.DLL
0x00007ff846730000 - 0x00007ff846845000 	C:\windows\system32\KERNELBASE.dll
0x00007ff8450c0000 - 0x00007ff84514e000 	C:\windows\system32\apphelp.dll
0x00007ff83fce0000 - 0x00007ff83fd33000 	C:\windows\AppPatch\AppPatch64\AcGenral.DLL
0x00007ff848dc0000 - 0x00007ff848e6a000 	C:\windows\system32\msvcrt.dll
0x00007ff846a30000 - 0x00007ff846a5e000 	C:\windows\system32\SspiCli.dll
0x00007ff849380000 - 0x00007ff8493d4000 	C:\windows\system32\SHLWAPI.dll
0x00007ff848e70000 - 0x00007ff848fe7000 	C:\windows\system32\USER32.dll
0x00007ff8491e0000 - 0x00007ff849374000 	C:\windows\system32\ole32.dll
0x00007ff847730000 - 0x00007ff848c58000 	C:\windows\system32\SHELL32.dll
0x00007ff845b40000 - 0x00007ff845b61000 	C:\windows\SYSTEM32\USERENV.dll
0x00007ff847580000 - 0x00007ff84762a000 	C:\windows\system32\ADVAPI32.dll
0x00007ff83ebd0000 - 0x00007ff83ebee000 	C:\windows\SYSTEM32\MPR.dll
0x00007ff846de0000 - 0x00007ff846f20000 	C:\windows\system32\RPCRT4.dll
0x00007ff846a80000 - 0x00007ff846ad9000 	C:\windows\SYSTEM32\sechost.dll
0x00007ff846f80000 - 0x00007ff847192000 	C:\windows\SYSTEM32\combase.dll
0x00007ff848c60000 - 0x00007ff848daf000 	C:\windows\system32\GDI32.dll
0x00007ff846500000 - 0x00007ff846515000 	C:\windows\SYSTEM32\profapi.dll
0x00007ff844870000 - 0x00007ff844922000 	C:\windows\SYSTEM32\SHCORE.dll
0x00007ff8491a0000 - 0x00007ff8491d6000 	C:\windows\system32\IMM32.DLL
0x00007ff847360000 - 0x00007ff8474b2000 	C:\windows\system32\MSCTF.dll
0x00007ff8435d0000 - 0x00007ff84384b000 	C:\windows\WinSxS\amd64_microsoft.windows.common-controls_6595b64144ccf1df_6.0.9600.18006_none_623f33d3ecbe86e8\COMCTL32.dll
0x000000005cfa0000 - 0x000000005d072000 	C:\Program Files\Java\jdk1.8.0_20\jre\bin\msvcr100.dll
0x000000005ad70000 - 0x000000005b5c8000 	C:\Program Files\Java\jdk1.8.0_20\jre\bin\server\jvm.dll
0x00007ff842450000 - 0x00007ff842459000 	C:\windows\SYSTEM32\WSOCK32.dll
0x00007ff83eba0000 - 0x00007ff83ebc2000 	C:\windows\SYSTEM32\WINMM.dll
0x00007ff846a70000 - 0x00007ff846a77000 	C:\windows\system32\PSAPI.DLL
0x00007ff846ba0000 - 0x00007ff846bfa000 	C:\windows\system32\WS2_32.dll
0x00007ff83eb70000 - 0x00007ff83eb9a000 	C:\windows\SYSTEM32\WINMMBASE.dll
0x00007ff848db0000 - 0x00007ff848db9000 	C:\windows\system32\NSI.dll
0x00007ff846630000 - 0x00007ff84667f000 	C:\windows\SYSTEM32\cfgmgr32.dll
0x00007ff845310000 - 0x00007ff845338000 	C:\windows\SYSTEM32\DEVOBJ.dll
0x000000005e6f0000 - 0x000000005e6ff000 	C:\Program Files\Java\jdk1.8.0_20\jre\bin\verify.dll
0x000000005cf70000 - 0x000000005cf98000 	C:\Program Files\Java\jdk1.8.0_20\jre\bin\java.dll
0x000000005cf50000 - 0x000000005cf66000 	C:\Program Files\Java\jdk1.8.0_20\jre\bin\zip.dll
0x00007ff833210000 - 0x00007ff833399000 	C:\windows\SYSTEM32\dbghelp.dll

VM Arguments:
jvm_args: -Djava.awt.headless=true -Xmx1024M -Dfile.encoding=windows-1252 -Duser.country=BE -Duser.language=fr -Duser.variant 
java_command: com.android.dx.command.Main --dex --force-jumbo --num-threads=4 --multi-dex --output C:\Users\mupac_000\Desktop\StockHawk-master\app\build\intermediates\transforms\dex\debug\folders\1000\10\guava-20.0_e91301bc825f58217cd4253f7c77c0d89a29962e C:\Users\mupac_000\.gradle\caches\modules-2\files-2.1\com.google.guava\guava\20.0\89507701249388e1ed5ddcf8c41f4ce1be7831ef\guava-20.0.jar
java_class_path (initial): C:\Users\mupac_000\AppData\Local\Android\sdk\build-tools\25.0.2\lib\dx.jar
Launcher Type: SUN_STANDARD

Environment Variables:
PATH=C:\python35\Scripts\;C:\python35\;C:\ProgramData\Oracle\Java\javapath;C:\windows\system32;C:\windows;C:\windows\System32\Wbem;C:\windows\System32\WindowsPowerShell\v1.0\;C:\Program Files\nodejs\;C:\Program Files\doxygen\bin;C:\Program Files\Git\cmd;C:\Program Files\Git\mingw64\bin;C:\Program Files\Git\usr\bin;C:\Program Files (x86)\Brackets\command;C:\ProgramData\ComposerSetup\bin;C:\Program Files (x86)\Google\Cloud SDK\google-cloud-sdk\bin;C:\Program Files (x86)\QuickTime Alternative\QTSystem;C:\Program Files (x86)\Skype\Phone\;C:\Users\mupac_000\AppData\Roaming\npm;C:\wamp64\bin\php\php5.6.16;C:\Users\mupac_000\AppData\Roaming\Composer\vendor\bin
USERNAME=mupac_000
OS=Windows_NT
PROCESSOR_IDENTIFIER=Intel64 Family 6 Model 69 Stepping 1, GenuineIntel



---------------  S Y S T E M  ---------------

OS: Windows 8.1 , 64 bit Build 9600 

CPU:total 4 (2 cores per cpu, 2 threads per core) family 6 model 69 stepping 1, cmov, cx8, fxsr, mmx, sse, sse2, sse3, ssse3, sse4.1, sse4.2, popcnt, avx, avx2, aes, clmul, erms, lzcnt, ht, tsc, tscinvbit, bmi1, bmi2

Memory: 4k page, physical 4097096k(488892k free), swap 7242824k(5064k free)

vm_info: Java HotSpot(TM) 64-Bit Server VM (25.20-b23) for windows-amd64 JRE (1.8.0_20-b26), built on Jul 30 2014 13:51:23 by "java_re" with MS VC++ 10.0 (VS2010)

time: Sat May 20 19:00:43 2017
elapsed time: 8 seconds (0d 0h 0m 8s)

