#
# There is insufficient memory for the Java Runtime Environment to continue.
# Native memory allocation (malloc) failed to allocate 1048576 bytes for AllocateHeap
# Possible reasons:
#   The system is out of physical RAM or swap space
#   In 32 bit mode, the process size limit was hit
# Possible solutions:
#   Reduce memory load on the system
#   Increase physical memory or swap space
#   Check if swap backing store is full
#   Use 64 bit Java on a 64 bit OS
#   Decrease Java heap size (-Xmx/-Xms)
#   Decrease number of Java threads
#   Decrease Java thread stack sizes (-Xss)
#   Set larger code cache with -XX:ReservedCodeCacheSize=
# This output file may be truncated or incomplete.
#
#  Out of Memory Error (memory/allocation.inline.hpp:62), pid=856, tid=6484
#
# JRE version:  (8.0_20-b26) (build )
# Java VM: Java HotSpot(TM) 64-Bit Server VM (25.20-b23 mixed mode windows-amd64 compressed oops)
# Failed to write core dump. Minidumps are not enabled by default on client versions of Windows
#

---------------  T H R E A D  ---------------

Current thread (0x0000000002940800):  JavaThread "Unknown thread" [_thread_in_vm, id=6484, stack(0x00000000027f0000,0x00000000028f0000)]

Stack: [0x00000000027f0000,0x00000000028f0000]
Native frames: (J=compiled Java code, j=interpreted, Vv=VM code, C=native code)
V  [jvm.dll+0x3152fa]
V  [jvm.dll+0x265d03]
V  [jvm.dll+0x266943]
V  [jvm.dll+0x25e265]
V  [jvm.dll+0x38b06f]
V  [jvm.dll+0x3d4b92]
V  [jvm.dll+0x3d4f1a]
V  [jvm.dll+0x3d0637]
V  [jvm.dll+0xe4472]
V  [jvm.dll+0x1f8a09]
V  [jvm.dll+0x229fc4]
V  [jvm.dll+0x14c6f1]
C  [java.exe+0x20b6]
C  [java.exe+0xc9bb]
C  [java.exe+0xca4f]
C  [KERNEL32.DLL+0x13d2]
C  [ntdll.dll+0x154e4]


---------------  P R O C E S S  ---------------

Java Threads: ( => current thread )

Other Threads:

=>0x0000000002940800 (exited) JavaThread "Unknown thread" [_thread_in_vm, id=6484, stack(0x00000000027f0000,0x00000000028f0000)]

VM state:not at safepoint (normal execution)

VM Mutex/Monitor currently owned by a thread: None

Heap:
 PSYoungGen      total 18944K, used 327K [0x00000000eab00000, 0x00000000ec000000, 0x0000000100000000)
  eden space 16384K, 2% used [0x00000000eab00000,0x00000000eab51ec8,0x00000000ebb00000)
  from space 2560K, 0% used [0x00000000ebd80000,0x00000000ebd80000,0x00000000ec000000)
  to   space 2560K, 0% used [0x00000000ebb00000,0x00000000ebb00000,0x00000000ebd80000)
 ParOldGen       total 44032K, used 0K [0x00000000c0000000, 0x00000000c2b00000, 0x00000000eab00000)
  object space 44032K, 0% used [0x00000000c0000000,0x00000000c0000000,0x00000000c2b00000)
 Metaspace       used 674K, capacity 4480K, committed 4480K, reserved 1056768K
  class space    used 66K, capacity 384K, committed 384K, reserved 1048576K

Card table byte_map: [0x0000000011e00000,0x0000000012010000] byte_map_base: 0x0000000011800000

Marking Bits: (ParMarkBitMap*) 0x000000005b54b460
 Begin Bits: [0x0000000012570000, 0x0000000013570000)
 End Bits:   [0x0000000013570000, 0x0000000014570000)

Polling page: 0x0000000000f30000

CodeCache: size=245760Kb used=327Kb max_used=327Kb free=245432Kb
 bounds [0x0000000002a40000, 0x0000000002cb0000, 0x0000000011a40000]
 total_blobs=56 nmethods=0 adapters=37
 compilation: enabled

Compilation events (0 events):
No events

GC Heap History (0 events):
No events

Deoptimization events (0 events):
No events

Internal exceptions (0 events):
No events

Events (10 events):
Event: 0.110 loading class java/lang/Short
Event: 0.110 loading class java/lang/Short done
Event: 0.110 loading class java/lang/Integer
Event: 0.110 loading class java/lang/Integer done
Event: 0.110 loading class java/lang/Long
Event: 0.110 loading class java/lang/Long done
Event: 0.112 loading class java/lang/NullPointerException
Event: 0.112 loading class java/lang/NullPointerException done
Event: 0.112 loading class java/lang/ArithmeticException
Event: 0.113 loading class java/lang/ArithmeticException done


Dynamic libraries:
0x00007ff68b260000 - 0x00007ff68b294000 	C:\Program Files\Java\jdk1.8.0_20\bin\java.exe
0x00007ff8493e0000 - 0x00007ff84958d000 	C:\windows\SYSTEM32\ntdll.dll
0x00007ff848ff0000 - 0x00007ff84912e000 	C:\windows\system32\KERNEL32.DLL
0x00007ff846730000 - 0x00007ff846845000 	C:\windows\system32\KERNELBASE.dll
0x00007ff8450c0000 - 0x00007ff84514e000 	C:\windows\system32\apphelp.dll
0x00007ff83fce0000 - 0x00007ff83fd33000 	C:\windows\AppPatch\AppPatch64\AcGenral.DLL
0x00007ff848dc0000 - 0x00007ff848e6a000 	C:\windows\system32\msvcrt.dll
0x00007ff846a30000 - 0x00007ff846a5e000 	C:\windows\system32\SspiCli.dll
0x00007ff849380000 - 0x00007ff8493d4000 	C:\windows\system32\SHLWAPI.dll
0x00007ff848e70000 - 0x00007ff848fe7000 	C:\windows\system32\USER32.dll
0x00007ff8491e0000 - 0x00007ff849374000 	C:\windows\system32\ole32.dll
0x00007ff847730000 - 0x00007ff848c58000 	C:\windows\system32\SHELL32.dll
0x00007ff845b40000 - 0x00007ff845b61000 	C:\windows\SYSTEM32\USERENV.dll
0x00007ff847580000 - 0x00007ff84762a000 	C:\windows\system32\ADVAPI32.dll
0x00007ff83ebd0000 - 0x00007ff83ebee000 	C:\windows\SYSTEM32\MPR.dll
0x00007ff846de0000 - 0x00007ff846f20000 	C:\windows\system32\RPCRT4.dll
0x00007ff846a80000 - 0x00007ff846ad9000 	C:\windows\SYSTEM32\sechost.dll
0x00007ff846f80000 - 0x00007ff847192000 	C:\windows\SYSTEM32\combase.dll
0x00007ff848c60000 - 0x00007ff848daf000 	C:\windows\system32\GDI32.dll
0x00007ff846500000 - 0x00007ff846515000 	C:\windows\SYSTEM32\profapi.dll
0x00007ff844870000 - 0x00007ff844922000 	C:\windows\SYSTEM32\SHCORE.dll
0x00007ff8491a0000 - 0x00007ff8491d6000 	C:\windows\system32\IMM32.DLL
0x00007ff847360000 - 0x00007ff8474b2000 	C:\windows\system32\MSCTF.dll
0x00007ff8435d0000 - 0x00007ff84384b000 	C:\windows\WinSxS\amd64_microsoft.windows.common-controls_6595b64144ccf1df_6.0.9600.18006_none_623f33d3ecbe86e8\COMCTL32.dll
0x000000005cfa0000 - 0x000000005d072000 	C:\Program Files\Java\jdk1.8.0_20\jre\bin\msvcr100.dll
0x000000005ad70000 - 0x000000005b5c8000 	C:\Program Files\Java\jdk1.8.0_20\jre\bin\server\jvm.dll
0x00007ff842450000 - 0x00007ff842459000 	C:\windows\SYSTEM32\WSOCK32.dll
0x00007ff83eba0000 - 0x00007ff83ebc2000 	C:\windows\SYSTEM32\WINMM.dll
0x00007ff846a70000 - 0x00007ff846a77000 	C:\windows\system32\PSAPI.DLL
0x00007ff846ba0000 - 0x00007ff846bfa000 	C:\windows\system32\WS2_32.dll
0x00007ff83eb70000 - 0x00007ff83eb9a000 	C:\windows\SYSTEM32\WINMMBASE.dll
0x00007ff848db0000 - 0x00007ff848db9000 	C:\windows\system32\NSI.dll
0x00007ff846630000 - 0x00007ff84667f000 	C:\windows\SYSTEM32\cfgmgr32.dll
0x00007ff845310000 - 0x00007ff845338000 	C:\windows\SYSTEM32\DEVOBJ.dll
0x000000005e6f0000 - 0x000000005e6ff000 	C:\Program Files\Java\jdk1.8.0_20\jre\bin\verify.dll
0x000000005cf70000 - 0x000000005cf98000 	C:\Program Files\Java\jdk1.8.0_20\jre\bin\java.dll
0x000000005cf50000 - 0x000000005cf66000 	C:\Program Files\Java\jdk1.8.0_20\jre\bin\zip.dll
0x00007ff833210000 - 0x00007ff833399000 	C:\windows\SYSTEM32\dbghelp.dll

VM Arguments:
jvm_args: -Djava.awt.headless=true -Xmx1024M -Dfile.encoding=windows-1252 -Duser.country=BE -Duser.language=fr -Duser.variant 
java_command: com.android.dx.command.Main --dex --force-jumbo --num-threads=4 --multi-dex --output C:\Users\mupac_000\Desktop\StockHawk-master\app\build\intermediates\transforms\dex\debug\folders\1000\10\com.android.support-appcompat-v7-25.1.0_ac08bf4977623f4536c0ff0ae1755371569288a8 C:\Users\mupac_000\Desktop\StockHawk-master\app\build\intermediates\exploded-aar\com.android.support\appcompat-v7\25.1.0\jars\classes.jar
java_class_path (initial): C:\Users\mupac_000\AppData\Local\Android\sdk\build-tools\25.0.2\lib\dx.jar
Launcher Type: SUN_STANDARD

Environment Variables:
PATH=C:\python35\Scripts\;C:\python35\;C:\ProgramData\Oracle\Java\javapath;C:\windows\system32;C:\windows;C:\windows\System32\Wbem;C:\windows\System32\WindowsPowerShell\v1.0\;C:\Program Files\nodejs\;C:\Program Files\doxygen\bin;C:\Program Files\Git\cmd;C:\Program Files\Git\mingw64\bin;C:\Program Files\Git\usr\bin;C:\Program Files (x86)\Brackets\command;C:\ProgramData\ComposerSetup\bin;C:\Program Files (x86)\Google\Cloud SDK\google-cloud-sdk\bin;C:\Program Files (x86)\QuickTime Alternative\QTSystem;C:\Program Files (x86)\Skype\Phone\;C:\Users\mupac_000\AppData\Roaming\npm;C:\wamp64\bin\php\php5.6.16;C:\Users\mupac_000\AppData\Roaming\Composer\vendor\bin
USERNAME=mupac_000
OS=Windows_NT
PROCESSOR_IDENTIFIER=Intel64 Family 6 Model 69 Stepping 1, GenuineIntel



---------------  S Y S T E M  ---------------

OS: Windows 8.1 , 64 bit Build 9600 

CPU:total 4 (2 cores per cpu, 2 threads per core) family 6 model 69 stepping 1, cmov, cx8, fxsr, mmx, sse, sse2, sse3, ssse3, sse4.1, sse4.2, popcnt, avx, avx2, aes, clmul, erms, lzcnt, ht, tsc, tscinvbit, bmi1, bmi2

Memory: 4k page, physical 4097096k(548832k free), swap 7242824k(5128k free)

vm_info: Java HotSpot(TM) 64-Bit Server VM (25.20-b23) for windows-amd64 JRE (1.8.0_20-b26), built on Jul 30 2014 13:51:23 by "java_re" with MS VC++ 10.0 (VS2010)

time: Sat May 20 19:01:04 2017
elapsed time: 0 seconds (0d 0h 0m 0s)

