#
# There is insufficient memory for the Java Runtime Environment to continue.
# Native memory allocation (malloc) failed to allocate 849216 bytes for Chunk::new
# Possible reasons:
#   The system is out of physical RAM or swap space
#   In 32 bit mode, the process size limit was hit
# Possible solutions:
#   Reduce memory load on the system
#   Increase physical memory or swap space
#   Check if swap backing store is full
#   Use 64 bit Java on a 64 bit OS
#   Decrease Java heap size (-Xmx/-Xms)
#   Decrease number of Java threads
#   Decrease Java thread stack sizes (-Xss)
#   Set larger code cache with -XX:ReservedCodeCacheSize=
# This output file may be truncated or incomplete.
#
#  Out of Memory Error (allocation.cpp:390), pid=988, tid=2468
#
# JRE version: Java(TM) SE Runtime Environment (8.0_20-b26) (build 1.8.0_20-b26)
# Java VM: Java HotSpot(TM) 64-Bit Server VM (25.20-b23 mixed mode windows-amd64 compressed oops)
# Failed to write core dump. Minidumps are not enabled by default on client versions of Windows
#

---------------  T H R E A D  ---------------

Current thread (0x000000001494d000):  JavaThread "C2 CompilerThread0" daemon [_thread_in_native, id=2468, stack(0x0000000015eb0000,0x0000000015fb0000)]

Stack: [0x0000000015eb0000,0x0000000015fb0000]
Native frames: (J=compiled Java code, j=interpreted, Vv=VM code, C=native code)
V  [jvm.dll+0x3152fa]


Current CompileTask:
C2:   8491 1792       4       com.android.dx.ssa.back.FirstFitLocalCombiningAllocator::addMapping (76 bytes)


---------------  P R O C E S S  ---------------

Java Threads: ( => current thread )
  0x000000001663b800 JavaThread "pool-2-thread-4" [_thread_blocked, id=2452, stack(0x00000000173b0000,0x00000000174b0000)]
  0x0000000016629800 JavaThread "pool-2-thread-3" [_thread_blocked, id=6008, stack(0x00000000172b0000,0x00000000173b0000)]
  0x0000000016628800 JavaThread "pool-2-thread-2" [_thread_in_vm, id=3240, stack(0x00000000171b0000,0x00000000172b0000)]
  0x0000000016625000 JavaThread "pool-3-thread-1" [_thread_blocked, id=6684, stack(0x00000000170b0000,0x00000000171b0000)]
  0x0000000016637000 JavaThread "pool-2-thread-1" [_thread_in_vm, id=1928, stack(0x0000000016fb0000,0x00000000170b0000)]
  0x00000000149ab000 JavaThread "Service Thread" daemon [_thread_blocked, id=7708, stack(0x00000000161b0000,0x00000000162b0000)]
  0x00000000149a4000 JavaThread "C1 CompilerThread2" daemon [_thread_blocked, id=4404, stack(0x00000000160b0000,0x00000000161b0000)]
  0x0000000014996000 JavaThread "C2 CompilerThread1" daemon [_thread_in_native, id=4396, stack(0x0000000015fb0000,0x00000000160b0000)]
=>0x000000001494d000 JavaThread "C2 CompilerThread0" daemon [_thread_in_native, id=2468, stack(0x0000000015eb0000,0x0000000015fb0000)]
  0x000000001494b000 JavaThread "Attach Listener" daemon [_thread_blocked, id=4712, stack(0x0000000015db0000,0x0000000015eb0000)]
  0x0000000014949000 JavaThread "Signal Dispatcher" daemon [_thread_blocked, id=7824, stack(0x0000000015cb0000,0x0000000015db0000)]
  0x0000000014917800 JavaThread "Finalizer" daemon [_thread_blocked, id=3752, stack(0x0000000015ba0000,0x0000000015ca0000)]
  0x000000000223d000 JavaThread "Reference Handler" daemon [_thread_blocked, id=6532, stack(0x0000000015aa0000,0x0000000015ba0000)]
  0x0000000002150800 JavaThread "main" [_thread_blocked, id=2860, stack(0x0000000002020000,0x0000000002120000)]

Other Threads:
  0x0000000014916800 VMThread [stack: 0x00000000159a0000,0x0000000015aa0000] [id=3784]
  0x00000000149ae000 WatcherThread [stack: 0x00000000162b0000,0x00000000163b0000] [id=4988]

VM state:not at safepoint (normal execution)

VM Mutex/Monitor currently owned by a thread: None

Heap:
 PSYoungGen      total 35328K, used 35297K [0x00000000eab00000, 0x00000000ef000000, 0x0000000100000000)
  eden space 32768K, 100% used [0x00000000eab00000,0x00000000ecb00000,0x00000000ecb00000)
  from space 2560K, 98% used [0x00000000ecb00000,0x00000000ecd786c8,0x00000000ecd80000)
  to   space 2560K, 0% used [0x00000000eed80000,0x00000000eed80000,0x00000000ef000000)
 ParOldGen       total 44032K, used 8425K [0x00000000c0000000, 0x00000000c2b00000, 0x00000000eab00000)
  object space 44032K, 19% used [0x00000000c0000000,0x00000000c083a570,0x00000000c2b00000)
 Metaspace       used 6273K, capacity 7128K, committed 7424K, reserved 1056768K
  class space    used 609K, capacity 656K, committed 768K, reserved 1048576K

Card table byte_map: [0x0000000011620000,0x0000000011830000] byte_map_base: 0x0000000011020000

Marking Bits: (ParMarkBitMap*) 0x000000005b54b460
 Begin Bits: [0x0000000011d90000, 0x0000000012d90000)
 End Bits:   [0x0000000012d90000, 0x0000000013d90000)

Polling page: 0x0000000002120000

CodeCache: size=245760Kb used=6963Kb max_used=6987Kb free=238796Kb
 bounds [0x0000000002260000, 0x0000000002940000, 0x0000000011260000]
 total_blobs=1968 nmethods=1704 adapters=178
 compilation: enabled

Compilation events (10 events):
Event: 8.254 Thread 0x00000000149a4000 1789       2       java.util.TreeMap$PrivateEntryIterator::<init> (28 bytes)
Event: 8.254 Thread 0x00000000149a4000 nmethod 1789 0x00000000029114d0 code [0x0000000002911620, 0x00000000029117b0]
Event: 8.288 Thread 0x000000001494d000 nmethod 1635 0x0000000002926a90 code [0x0000000002928320, 0x0000000002931198]
Event: 8.289 Thread 0x00000000149a4000 1791       2       com.android.dx.dex.file.ValueEncoder::addContents (75 bytes)
Event: 8.291 Thread 0x00000000149a4000 nmethod 1791 0x0000000002910690 code [0x0000000002910880, 0x0000000002910ef8]
Event: 8.291 Thread 0x000000001494d000 1790       4       com.android.dx.ssa.SsaMethod::getUseListCopy (56 bytes)
Event: 8.382 Thread 0x000000001494d000 nmethod 1790 0x0000000002920290 code [0x0000000002920500, 0x0000000002921ab0]
Event: 8.382 Thread 0x000000001494d000 1767       4       java.util.ArrayList::fastRemove (57 bytes)
Event: 8.386 Thread 0x000000001494d000 nmethod 1767 0x000000000290edd0 code [0x000000000290ef20, 0x000000000290f078]
Event: 8.387 Thread 0x000000001494d000 1792       4       com.android.dx.ssa.back.FirstFitLocalCombiningAllocator::addMapping (76 bytes)

GC Heap History (6 events):
Event: 1.765 GC heap before
{Heap before GC invocations=1 (full 0):
 PSYoungGen      total 18944K, used 16384K [0x00000000eab00000, 0x00000000ec000000, 0x0000000100000000)
  eden space 16384K, 100% used [0x00000000eab00000,0x00000000ebb00000,0x00000000ebb00000)
  from space 2560K, 0% used [0x00000000ebd80000,0x00000000ebd80000,0x00000000ec000000)
  to   space 2560K, 0% used [0x00000000ebb00000,0x00000000ebb00000,0x00000000ebd80000)
 ParOldGen       total 44032K, used 0K [0x00000000c0000000, 0x00000000c2b00000, 0x00000000eab00000)
  object space 44032K, 0% used [0x00000000c0000000,0x00000000c0000000,0x00000000c2b00000)
 Metaspace       used 5618K, capacity 6640K, committed 6784K, reserved 1056768K
  class space    used 581K, capacity 616K, committed 640K, reserved 1048576K
Event: 1.804 GC heap after
Heap after GC invocations=1 (full 0):
 PSYoungGen      total 18944K, used 2531K [0x00000000eab00000, 0x00000000ed000000, 0x0000000100000000)
  eden space 16384K, 0% used [0x00000000eab00000,0x00000000eab00000,0x00000000ebb00000)
  from space 2560K, 98% used [0x00000000ebb00000,0x00000000ebd78eb8,0x00000000ebd80000)
  to   space 2560K, 0% used [0x00000000ecd80000,0x00000000ecd80000,0x00000000ed000000)
 ParOldGen       total 44032K, used 1054K [0x00000000c0000000, 0x00000000c2b00000, 0x00000000eab00000)
  object space 44032K, 2% used [0x00000000c0000000,0x00000000c0107888,0x00000000c2b00000)
 Metaspace       used 5618K, capacity 6640K, committed 6784K, reserved 1056768K
  class space    used 581K, capacity 616K, committed 640K, reserved 1048576K
}
Event: 2.773 GC heap before
{Heap before GC invocations=2 (full 0):
 PSYoungGen      total 18944K, used 18915K [0x00000000eab00000, 0x00000000ed000000, 0x0000000100000000)
  eden space 16384K, 100% used [0x00000000eab00000,0x00000000ebb00000,0x00000000ebb00000)
  from space 2560K, 98% used [0x00000000ebb00000,0x00000000ebd78eb8,0x00000000ebd80000)
  to   space 2560K, 0% used [0x00000000ecd80000,0x00000000ecd80000,0x00000000ed000000)
 ParOldGen       total 44032K, used 1054K [0x00000000c0000000, 0x00000000c2b00000, 0x00000000eab00000)
  object space 44032K, 2% used [0x00000000c0000000,0x00000000c0107888,0x00000000c2b00000)
 Metaspace       used 6059K, capacity 7000K, committed 7168K, reserved 1056768K
  class space    used 608K, capacity 656K, committed 768K, reserved 1048576K
Event: 2.818 GC heap after
Heap after GC invocations=2 (full 0):
 PSYoungGen      total 35328K, used 2540K [0x00000000eab00000, 0x00000000ed000000, 0x0000000100000000)
  eden space 32768K, 0% used [0x00000000eab00000,0x00000000eab00000,0x00000000ecb00000)
  from space 2560K, 99% used [0x00000000ecd80000,0x00000000ecffb158,0x00000000ed000000)
  to   space 2560K, 0% used [0x00000000ecb00000,0x00000000ecb00000,0x00000000ecd80000)
 ParOldGen       total 44032K, used 3345K [0x00000000c0000000, 0x00000000c2b00000, 0x00000000eab00000)
  object space 44032K, 7% used [0x00000000c0000000,0x00000000c03445c0,0x00000000c2b00000)
 Metaspace       used 6059K, capacity 7000K, committed 7168K, reserved 1056768K
  class space    used 608K, capacity 656K, committed 768K, reserved 1048576K
}
Event: 5.261 GC heap before
{Heap before GC invocations=3 (full 0):
 PSYoungGen      total 35328K, used 35308K [0x00000000eab00000, 0x00000000ed000000, 0x0000000100000000)
  eden space 32768K, 100% used [0x00000000eab00000,0x00000000ecb00000,0x00000000ecb00000)
  from space 2560K, 99% used [0x00000000ecd80000,0x00000000ecffb158,0x00000000ed000000)
  to   space 2560K, 0% used [0x00000000ecb00000,0x00000000ecb00000,0x00000000ecd80000)
 ParOldGen       total 44032K, used 3345K [0x00000000c0000000, 0x00000000c2b00000, 0x00000000eab00000)
  object space 44032K, 7% used [0x00000000c0000000,0x00000000c03445c0,0x00000000c2b00000)
 Metaspace       used 6207K, capacity 7064K, committed 7424K, reserved 1056768K
  class space    used 609K, capacity 656K, committed 768K, reserved 1048576K
Event: 5.623 GC heap after
Heap after GC invocations=3 (full 0):
 PSYoungGen      total 35328K, used 2529K [0x00000000eab00000, 0x00000000ef000000, 0x0000000100000000)
  eden space 32768K, 0% used [0x00000000eab00000,0x00000000eab00000,0x00000000ecb00000)
  from space 2560K, 98% used [0x00000000ecb00000,0x00000000ecd786c8,0x00000000ecd80000)
  to   space 2560K, 0% used [0x00000000eed80000,0x00000000eed80000,0x00000000ef000000)
 ParOldGen       total 44032K, used 8425K [0x00000000c0000000, 0x00000000c2b00000, 0x00000000eab00000)
  object space 44032K, 19% used [0x00000000c0000000,0x00000000c083a570,0x00000000c2b00000)
 Metaspace       used 6207K, capacity 7064K, committed 7424K, reserved 1056768K
  class space    used 609K, capacity 656K, committed 768K, reserved 1048576K
}

Deoptimization events (10 events):
Event: 2.134 Thread 0x000000001663b800 Uncommon trap: reason=bimorphic action=maybe_recompile pc=0x000000000252105c method=java.util.HashMap.getNode(ILjava/lang/Object;)Ljava/util/HashMap$Node; @ 126
Event: 2.134 Thread 0x000000001663b800 Uncommon trap: reason=bimorphic action=maybe_recompile pc=0x0000000002525194 method=java.util.HashMap.getNode(ILjava/lang/Object;)Ljava/util/HashMap$Node; @ 126
Event: 2.392 Thread 0x0000000016629800 Uncommon trap: reason=unreached action=reinterpret pc=0x00000000025c7a00 method=java.util.HashMap.getNode(ILjava/lang/Object;)Ljava/util/HashMap$Node; @ 84
Event: 2.392 Thread 0x000000001663b800 Uncommon trap: reason=unreached action=reinterpret pc=0x0000000002675e0c method=java.util.HashMap.getNode(ILjava/lang/Object;)Ljava/util/HashMap$Node; @ 84
Event: 4.061 Thread 0x000000001663b800 Uncommon trap: reason=null_check action=make_not_entrant pc=0x00000000025e91a4 method=com.android.dx.rop.type.Type.equals(Ljava/lang/Object;)Z @ 8
Event: 5.022 Thread 0x0000000016629800 Uncommon trap: reason=bimorphic action=maybe_recompile pc=0x00000000028252bc method=com.android.dx.cf.code.BytecodeArray.parseInstruction(ILcom/android/dx/cf/code/BytecodeArray$Visitor;)I @ 1549
Event: 5.023 Thread 0x0000000016629800 Uncommon trap: reason=bimorphic action=maybe_recompile pc=0x00000000028252bc method=com.android.dx.cf.code.BytecodeArray.parseInstruction(ILcom/android/dx/cf/code/BytecodeArray$Visitor;)I @ 1549
Event: 6.372 Thread 0x0000000002150800 Uncommon trap: reason=bimorphic action=maybe_recompile pc=0x00000000028252bc method=com.android.dx.cf.code.BytecodeArray.parseInstruction(ILcom/android/dx/cf/code/BytecodeArray$Visitor;)I @ 1549
Event: 6.372 Thread 0x0000000002150800 Uncommon trap: reason=bimorphic action=maybe_recompile pc=0x00000000028252bc method=com.android.dx.cf.code.BytecodeArray.parseInstruction(ILcom/android/dx/cf/code/BytecodeArray$Visitor;)I @ 1549
Event: 8.241 Thread 0x0000000016628800 Uncommon trap: reason=unreached action=reinterpret pc=0x00000000024f3860 method=com.android.dx.ssa.SsaInsn.getLocalAssignment()Lcom/android/dx/rop/code/RegisterSpec; @ 14

Internal exceptions (10 events):
Event: 2.045 Thread 0x0000000002150800 Exception <a 'java/security/PrivilegedActionException'> (0x00000000eae00250) thrown at [D:\re\workspace\8-2-build-windows-amd64-cygwin\jdk8u20\1074\hotspot\src\share\vm\prims\jvm.cpp, line 1275]
Event: 2.047 Thread 0x0000000002150800 Exception <a 'java/security/PrivilegedActionException'> (0x00000000eae06c68) thrown at [D:\re\workspace\8-2-build-windows-amd64-cygwin\jdk8u20\1074\hotspot\src\share\vm\prims\jvm.cpp, line 1275]
Event: 2.126 Thread 0x0000000016628800 Exception <a 'java/security/PrivilegedActionException'> (0x00000000eaf92080) thrown at [D:\re\workspace\8-2-build-windows-amd64-cygwin\jdk8u20\1074\hotspot\src\share\vm\prims\jvm.cpp, line 1275]
Event: 2.341 Thread 0x0000000002150800 Exception <a 'java/security/PrivilegedActionException'> (0x00000000eb4157f0) thrown at [D:\re\workspace\8-2-build-windows-amd64-cygwin\jdk8u20\1074\hotspot\src\share\vm\prims\jvm.cpp, line 1275]
Event: 2.342 Thread 0x0000000002150800 Exception <a 'java/security/PrivilegedActionException'> (0x00000000eb418030) thrown at [D:\re\workspace\8-2-build-windows-amd64-cygwin\jdk8u20\1074\hotspot\src\share\vm\prims\jvm.cpp, line 1275]
Event: 2.388 Thread 0x0000000016629800 Exception <a 'java/lang/ArrayIndexOutOfBoundsException': 18> (0x00000000eb647860) thrown at [D:\re\workspace\8-2-build-windows-amd64-cygwin\jdk8u20\1074\hotspot\src\share\vm\interpreter\interpreterRuntime.cpp, line 366]
Event: 2.389 Thread 0x0000000016629800 Exception <a 'java/lang/ArrayIndexOutOfBoundsException': 145> (0x00000000eb6492f8) thrown at [D:\re\workspace\8-2-build-windows-amd64-cygwin\jdk8u20\1074\hotspot\src\share\vm\interpreter\interpreterRuntime.cpp, line 366]
Event: 2.390 Thread 0x0000000016629800 Exception <a 'java/lang/ArrayIndexOutOfBoundsException': 40> (0x00000000eb64a510) thrown at [D:\re\workspace\8-2-build-windows-amd64-cygwin\jdk8u20\1074\hotspot\src\share\vm\interpreter\interpreterRuntime.cpp, line 366]
Event: 2.412 Thread 0x0000000016628800 Exception <a 'java/security/PrivilegedActionException'> (0x00000000eb69e068) thrown at [D:\re\workspace\8-2-build-windows-amd64-cygwin\jdk8u20\1074\hotspot\src\share\vm\prims\jvm.cpp, line 1275]
Event: 4.061 Thread 0x000000001663b800 Implicit null exception at 0x00000000025e90a2 to 0x00000000025e9195

Events (10 events):
Event: 6.372 Thread 0x0000000002150800 Uncommon trap: trap_request=0xffffffc6 fr.pc=0x00000000028252bc
Event: 6.372 Thread 0x0000000002150800 DEOPT PACKING pc=0x00000000028252bc sp=0x000000000211df80
Event: 6.372 Thread 0x0000000002150800 DEOPT UNPACKING pc=0x00000000022a556a sp=0x000000000211df10 mode 2
Event: 6.402 Thread 0x0000000016628800 DEOPT PACKING pc=0x00000000025a7ffc sp=0x00000000172aeaa0
Event: 6.402 Thread 0x0000000016628800 DEOPT UNPACKING pc=0x00000000022a75bf sp=0x00000000172ae868 mode 0
Event: 7.621 Thread 0x0000000016637000 DEOPT PACKING pc=0x00000000026bab75 sp=0x00000000170ae830
Event: 7.621 Thread 0x0000000016637000 DEOPT UNPACKING pc=0x00000000022a75bf sp=0x00000000170ae510 mode 0
Event: 8.241 Thread 0x0000000016628800 Uncommon trap: trap_request=0xffffffad fr.pc=0x00000000024f3860
Event: 8.241 Thread 0x0000000016628800 DEOPT PACKING pc=0x00000000024f3860 sp=0x00000000172aebe0
Event: 8.241 Thread 0x0000000016628800 DEOPT UNPACKING pc=0x00000000022a556a sp=0x00000000172aea90 mode 2


Dynamic libraries:
0x00007ff68b260000 - 0x00007ff68b294000 	C:\Program Files\Java\jdk1.8.0_20\bin\java.exe
0x00007ff8493e0000 - 0x00007ff84958d000 	C:\windows\SYSTEM32\ntdll.dll
0x00007ff848ff0000 - 0x00007ff84912e000 	C:\windows\system32\KERNEL32.DLL
0x00007ff846730000 - 0x00007ff846845000 	C:\windows\system32\KERNELBASE.dll
0x00007ff8450c0000 - 0x00007ff84514e000 	C:\windows\system32\apphelp.dll
0x00007ff83fce0000 - 0x00007ff83fd33000 	C:\windows\AppPatch\AppPatch64\AcGenral.DLL
0x00007ff848dc0000 - 0x00007ff848e6a000 	C:\windows\system32\msvcrt.dll
0x00007ff846a30000 - 0x00007ff846a5e000 	C:\windows\system32\SspiCli.dll
0x00007ff849380000 - 0x00007ff8493d4000 	C:\windows\system32\SHLWAPI.dll
0x00007ff848e70000 - 0x00007ff848fe7000 	C:\windows\system32\USER32.dll
0x00007ff8491e0000 - 0x00007ff849374000 	C:\windows\system32\ole32.dll
0x00007ff847730000 - 0x00007ff848c58000 	C:\windows\system32\SHELL32.dll
0x00007ff845b40000 - 0x00007ff845b61000 	C:\windows\SYSTEM32\USERENV.dll
0x00007ff847580000 - 0x00007ff84762a000 	C:\windows\system32\ADVAPI32.dll
0x00007ff83ebd0000 - 0x00007ff83ebee000 	C:\windows\SYSTEM32\MPR.dll
0x00007ff846de0000 - 0x00007ff846f20000 	C:\windows\system32\RPCRT4.dll
0x00007ff846a80000 - 0x00007ff846ad9000 	C:\windows\SYSTEM32\sechost.dll
0x00007ff846f80000 - 0x00007ff847192000 	C:\windows\SYSTEM32\combase.dll
0x00007ff848c60000 - 0x00007ff848daf000 	C:\windows\system32\GDI32.dll
0x00007ff846500000 - 0x00007ff846515000 	C:\windows\SYSTEM32\profapi.dll
0x00007ff844870000 - 0x00007ff844922000 	C:\windows\SYSTEM32\SHCORE.dll
0x00007ff8491a0000 - 0x00007ff8491d6000 	C:\windows\system32\IMM32.DLL
0x00007ff847360000 - 0x00007ff8474b2000 	C:\windows\system32\MSCTF.dll
0x00007ff8435d0000 - 0x00007ff84384b000 	C:\windows\WinSxS\amd64_microsoft.windows.common-controls_6595b64144ccf1df_6.0.9600.18006_none_623f33d3ecbe86e8\COMCTL32.dll
0x000000005cfa0000 - 0x000000005d072000 	C:\Program Files\Java\jdk1.8.0_20\jre\bin\msvcr100.dll
0x000000005ad70000 - 0x000000005b5c8000 	C:\Program Files\Java\jdk1.8.0_20\jre\bin\server\jvm.dll
0x00007ff842450000 - 0x00007ff842459000 	C:\windows\SYSTEM32\WSOCK32.dll
0x00007ff83eba0000 - 0x00007ff83ebc2000 	C:\windows\SYSTEM32\WINMM.dll
0x00007ff846a70000 - 0x00007ff846a77000 	C:\windows\system32\PSAPI.DLL
0x00007ff846ba0000 - 0x00007ff846bfa000 	C:\windows\system32\WS2_32.dll
0x00007ff83eb70000 - 0x00007ff83eb9a000 	C:\windows\SYSTEM32\WINMMBASE.dll
0x00007ff848db0000 - 0x00007ff848db9000 	C:\windows\system32\NSI.dll
0x00007ff846630000 - 0x00007ff84667f000 	C:\windows\SYSTEM32\cfgmgr32.dll
0x00007ff845310000 - 0x00007ff845338000 	C:\windows\SYSTEM32\DEVOBJ.dll
0x000000005e6f0000 - 0x000000005e6ff000 	C:\Program Files\Java\jdk1.8.0_20\jre\bin\verify.dll
0x000000005cf70000 - 0x000000005cf98000 	C:\Program Files\Java\jdk1.8.0_20\jre\bin\java.dll
0x000000005cf50000 - 0x000000005cf66000 	C:\Program Files\Java\jdk1.8.0_20\jre\bin\zip.dll

VM Arguments:
jvm_args: -Djava.awt.headless=true -Xmx1024M -Dfile.encoding=windows-1252 -Duser.country=BE -Duser.language=fr -Duser.variant 
java_command: com.android.dx.command.Main --dex --force-jumbo --num-threads=4 --multi-dex --output C:\Users\mupac_000\Desktop\StockHawk-master\app\build\intermediates\transforms\dex\debug\folders\1000\10\MPAndroidChart-v3.0.1_32c569b728a8b7be751a0efbb31fb090cb90eff5 C:\Users\mupac_000\.gradle\caches\modules-2\files-2.1\com.github.PhilJay\MPAndroidChart\v3.0.1\369f9aa48a629b4e92557b37326f42dc3de796e4\MPAndroidChart-v3.0.1.jar
java_class_path (initial): C:\Users\mupac_000\AppData\Local\Android\sdk\build-tools\25.0.2\lib\dx.jar
Launcher Type: SUN_STANDARD

Environment Variables:
PATH=C:\python35\Scripts\;C:\python35\;C:\ProgramData\Oracle\Java\javapath;C:\windows\system32;C:\windows;C:\windows\System32\Wbem;C:\windows\System32\WindowsPowerShell\v1.0\;C:\Program Files\nodejs\;C:\Program Files\doxygen\bin;C:\Program Files\Git\cmd;C:\Program Files\Git\mingw64\bin;C:\Program Files\Git\usr\bin;C:\Program Files (x86)\Brackets\command;C:\ProgramData\ComposerSetup\bin;C:\Program Files (x86)\Google\Cloud SDK\google-cloud-sdk\bin;C:\Program Files (x86)\QuickTime Alternative\QTSystem;C:\Program Files (x86)\Skype\Phone\;C:\Users\mupac_000\AppData\Roaming\npm;C:\wamp64\bin\php\php5.6.16;C:\Users\mupac_000\AppData\Roaming\Composer\vendor\bin
USERNAME=mupac_000
OS=Windows_NT
PROCESSOR_IDENTIFIER=Intel64 Family 6 Model 69 Stepping 1, GenuineIntel



---------------  S Y S T E M  ---------------

OS: Windows 8.1 , 64 bit Build 9600 

CPU:total 4 (2 cores per cpu, 2 threads per core) family 6 model 69 stepping 1, cmov, cx8, fxsr, mmx, sse, sse2, sse3, ssse3, sse4.1, sse4.2, popcnt, avx, avx2, aes, clmul, erms, lzcnt, ht, tsc, tscinvbit, bmi1, bmi2

Memory: 4k page, physical 4097096k(491552k free), swap 7242824k(5044k free)

vm_info: Java HotSpot(TM) 64-Bit Server VM (25.20-b23) for windows-amd64 JRE (1.8.0_20-b26), built on Jul 30 2014 13:51:23 by "java_re" with MS VC++ 10.0 (VS2010)

time: Sat May 20 19:00:43 2017
elapsed time: 8 seconds (0d 0h 0m 8s)

