#
# There is insufficient memory for the Java Runtime Environment to continue.
# Native memory allocation (malloc) failed to allocate 32744 bytes for ChunkPool::allocate
# Possible reasons:
#   The system is out of physical RAM or swap space
#   In 32 bit mode, the process size limit was hit
# Possible solutions:
#   Reduce memory load on the system
#   Increase physical memory or swap space
#   Check if swap backing store is full
#   Use 64 bit Java on a 64 bit OS
#   Decrease Java heap size (-Xmx/-Xms)
#   Decrease number of Java threads
#   Decrease Java thread stack sizes (-Xss)
#   Set larger code cache with -XX:ReservedCodeCacheSize=
# This output file may be truncated or incomplete.
#
#  Out of Memory Error (allocation.cpp:273), pid=8108, tid=7704
#
# JRE version: Java(TM) SE Runtime Environment (8.0_20-b26) (build 1.8.0_20-b26)
# Java VM: Java HotSpot(TM) 64-Bit Server VM (25.20-b23 mixed mode windows-amd64 compressed oops)
# Failed to write core dump. Minidumps are not enabled by default on client versions of Windows
#

---------------  T H R E A D  ---------------

Current thread (0x0000000014bbd000):  JavaThread "C2 CompilerThread1" daemon [_thread_in_vm, id=7704, stack(0x00000000161e0000,0x00000000162e0000)]

Stack: [0x00000000161e0000,0x00000000162e0000]
Native frames: (J=compiled Java code, j=interpreted, Vv=VM code, C=native code)
V  [jvm.dll+0x3152fa]


Current CompileTask:
C2:   8517  315       4       java.lang.CharacterData::of (120 bytes)


---------------  P R O C E S S  ---------------

Java Threads: ( => current thread )
  0x0000000016736000 JavaThread "pool-1-thread-1" [_thread_in_vm, id=6428, stack(0x0000000016be0000,0x0000000016ce0000)]
  0x0000000014bca000 JavaThread "Service Thread" daemon [_thread_blocked, id=5904, stack(0x00000000163e0000,0x00000000164e0000)]
  0x0000000014bc3800 JavaThread "C1 CompilerThread2" daemon [_thread_blocked, id=7200, stack(0x00000000162e0000,0x00000000163e0000)]
=>0x0000000014bbd000 JavaThread "C2 CompilerThread1" daemon [_thread_in_vm, id=7704, stack(0x00000000161e0000,0x00000000162e0000)]
  0x0000000014b6c000 JavaThread "C2 CompilerThread0" daemon [_thread_blocked, id=5624, stack(0x00000000160e0000,0x00000000161e0000)]
  0x0000000014b6a000 JavaThread "Attach Listener" daemon [_thread_blocked, id=6952, stack(0x0000000015fe0000,0x00000000160e0000)]
  0x0000000014b68800 JavaThread "Signal Dispatcher" daemon [_thread_blocked, id=6192, stack(0x0000000015ee0000,0x0000000015fe0000)]
  0x0000000002496000 JavaThread "Finalizer" daemon [_thread_blocked, id=5428, stack(0x0000000015de0000,0x0000000015ee0000)]
  0x000000000248d000 JavaThread "Reference Handler" daemon [_thread_blocked, id=7804, stack(0x0000000015ce0000,0x0000000015de0000)]
  0x00000000023a0800 JavaThread "main" [_thread_blocked, id=768, stack(0x00000000021d0000,0x00000000022d0000)]

Other Threads:
  0x0000000014b36800 VMThread [stack: 0x0000000015be0000,0x0000000015ce0000] [id=5048]
  0x0000000014bcd000 WatcherThread [stack: 0x00000000164e0000,0x00000000165e0000] [id=4536]

VM state:not at safepoint (normal execution)

VM Mutex/Monitor currently owned by a thread: None

Heap:
 PSYoungGen      total 18944K, used 8795K [0x00000000eab00000, 0x00000000ec000000, 0x0000000100000000)
  eden space 16384K, 53% used [0x00000000eab00000,0x00000000eb396d48,0x00000000ebb00000)
  from space 2560K, 0% used [0x00000000ebd80000,0x00000000ebd80000,0x00000000ec000000)
  to   space 2560K, 0% used [0x00000000ebb00000,0x00000000ebb00000,0x00000000ebd80000)
 ParOldGen       total 44032K, used 0K [0x00000000c0000000, 0x00000000c2b00000, 0x00000000eab00000)
  object space 44032K, 0% used [0x00000000c0000000,0x00000000c0000000,0x00000000c2b00000)
 Metaspace       used 5543K, capacity 6424K, committed 6656K, reserved 1056768K
  class space    used 617K, capacity 656K, committed 768K, reserved 1048576K

Card table byte_map: [0x0000000011860000,0x0000000011a70000] byte_map_base: 0x0000000011260000

Marking Bits: (ParMarkBitMap*) 0x000000005b54b460
 Begin Bits: [0x0000000011fd0000, 0x0000000012fd0000)
 End Bits:   [0x0000000012fd0000, 0x0000000013fd0000)

Polling page: 0x00000000008c0000

CodeCache: size=245760Kb used=1668Kb max_used=1668Kb free=244091Kb
 bounds [0x00000000024a0000, 0x0000000002710000, 0x00000000114a0000]
 total_blobs=590 nmethods=314 adapters=190
 compilation: enabled

Compilation events (10 events):
Event: 8.203 Thread 0x0000000014bc3800  310       3       sun.misc.FDBigInteger::trimLeadingZeros (57 bytes)
Event: 8.204 Thread 0x0000000014bc3800 nmethod 310 0x000000000263d290 code [0x000000000263d400, 0x000000000263d730]
Event: 8.204 Thread 0x0000000014bc3800  311       3       sun.misc.FDBigInteger::makeImmutable (6 bytes)
Event: 8.204 Thread 0x0000000014bc3800 nmethod 311 0x000000000263d850 code [0x000000000263d9a0, 0x000000000263daf0]
Event: 8.204 Thread 0x0000000014bc3800  312       3       sun.misc.FDBigInteger::mult (44 bytes)
Event: 8.205 Thread 0x0000000014bc3800 nmethod 312 0x000000000263db50 code [0x000000000263dce0, 0x000000000263dff8]
Event: 8.507 Thread 0x0000000014bc3800  313  s    3       java.util.Hashtable::put (104 bytes)
Event: 8.508 Thread 0x0000000014bc3800 nmethod 313 0x000000000263e110 code [0x000000000263e2e0, 0x000000000263ea58]
Event: 8.509 Thread 0x0000000014bc3800  314       3       java.lang.String::toLowerCase (439 bytes)
Event: 8.511 Thread 0x0000000014bbd000  315       4       java.lang.CharacterData::of (120 bytes)

GC Heap History (0 events):
No events

Deoptimization events (0 events):
No events

Internal exceptions (10 events):
Event: 3.803 Thread 0x0000000016736000 Exception <a 'java/security/PrivilegedActionException'> (0x00000000eb328e20) thrown at [D:\re\workspace\8-2-build-windows-amd64-cygwin\jdk8u20\1074\hotspot\src\share\vm\prims\jvm.cpp, line 1275]
Event: 3.804 Thread 0x0000000016736000 Exception <a 'java/security/PrivilegedActionException'> (0x00000000eb32bfc0) thrown at [D:\re\workspace\8-2-build-windows-amd64-cygwin\jdk8u20\1074\hotspot\src\share\vm\prims\jvm.cpp, line 1275]
Event: 3.805 Thread 0x0000000016736000 Exception <a 'java/security/PrivilegedActionException'> (0x00000000eb32f028) thrown at [D:\re\workspace\8-2-build-windows-amd64-cygwin\jdk8u20\1074\hotspot\src\share\vm\prims\jvm.cpp, line 1275]
Event: 3.807 Thread 0x0000000016736000 Exception <a 'java/security/PrivilegedActionException'> (0x00000000eb333f60) thrown at [D:\re\workspace\8-2-build-windows-amd64-cygwin\jdk8u20\1074\hotspot\src\share\vm\prims\jvm.cpp, line 1275]
Event: 3.809 Thread 0x0000000016736000 Exception <a 'java/security/PrivilegedActionException'> (0x00000000eb33fa50) thrown at [D:\re\workspace\8-2-build-windows-amd64-cygwin\jdk8u20\1074\hotspot\src\share\vm\prims\jvm.cpp, line 1275]
Event: 3.811 Thread 0x0000000016736000 Exception <a 'java/security/PrivilegedActionException'> (0x00000000eb3498d8) thrown at [D:\re\workspace\8-2-build-windows-amd64-cygwin\jdk8u20\1074\hotspot\src\share\vm\prims\jvm.cpp, line 1275]
Event: 3.812 Thread 0x0000000016736000 Exception <a 'java/security/PrivilegedActionException'> (0x00000000eb34c640) thrown at [D:\re\workspace\8-2-build-windows-amd64-cygwin\jdk8u20\1074\hotspot\src\share\vm\prims\jvm.cpp, line 1275]
Event: 3.814 Thread 0x0000000016736000 Exception <a 'java/security/PrivilegedActionException'> (0x00000000eb34f840) thrown at [D:\re\workspace\8-2-build-windows-amd64-cygwin\jdk8u20\1074\hotspot\src\share\vm\prims\jvm.cpp, line 1275]
Event: 3.815 Thread 0x0000000016736000 Exception <a 'java/security/PrivilegedActionException'> (0x00000000eb354e70) thrown at [D:\re\workspace\8-2-build-windows-amd64-cygwin\jdk8u20\1074\hotspot\src\share\vm\prims\jvm.cpp, line 1275]
Event: 3.817 Thread 0x0000000016736000 Exception <a 'java/security/PrivilegedActionException'> (0x00000000eb35acb0) thrown at [D:\re\workspace\8-2-build-windows-amd64-cygwin\jdk8u20\1074\hotspot\src\share\vm\prims\jvm.cpp, line 1275]

Events (10 events):
Event: 8.509 loading class java/util/LinkedHashMap$LinkedEntrySet
Event: 8.509 loading class java/util/LinkedHashMap$LinkedEntrySet done
Event: 8.509 loading class java/util/LinkedHashMap$LinkedEntryIterator
Event: 8.509 loading class java/util/LinkedHashMap$LinkedHashIterator
Event: 8.509 loading class java/util/LinkedHashMap$LinkedHashIterator done
Event: 8.509 loading class java/util/LinkedHashMap$LinkedEntryIterator done
Event: 8.510 loading class java/security/Provider$Service
Event: 8.511 loading class java/security/Provider$Service done
Event: 8.511 loading class java/security/Provider$UString
Event: 8.511 loading class java/security/Provider$UString done


Dynamic libraries:
0x00007ff68b260000 - 0x00007ff68b294000 	C:\Program Files\Java\jdk1.8.0_20\bin\java.exe
0x00007ff8493e0000 - 0x00007ff84958d000 	C:\windows\SYSTEM32\ntdll.dll
0x00007ff848ff0000 - 0x00007ff84912e000 	C:\windows\system32\KERNEL32.DLL
0x00007ff846730000 - 0x00007ff846845000 	C:\windows\system32\KERNELBASE.dll
0x00007ff8450c0000 - 0x00007ff84514e000 	C:\windows\system32\apphelp.dll
0x00007ff83fce0000 - 0x00007ff83fd33000 	C:\windows\AppPatch\AppPatch64\AcGenral.DLL
0x00007ff848dc0000 - 0x00007ff848e6a000 	C:\windows\system32\msvcrt.dll
0x00007ff846a30000 - 0x00007ff846a5e000 	C:\windows\system32\SspiCli.dll
0x00007ff849380000 - 0x00007ff8493d4000 	C:\windows\system32\SHLWAPI.dll
0x00007ff848e70000 - 0x00007ff848fe7000 	C:\windows\system32\USER32.dll
0x00007ff8491e0000 - 0x00007ff849374000 	C:\windows\system32\ole32.dll
0x00007ff847730000 - 0x00007ff848c58000 	C:\windows\system32\SHELL32.dll
0x00007ff845b40000 - 0x00007ff845b61000 	C:\windows\SYSTEM32\USERENV.dll
0x00007ff847580000 - 0x00007ff84762a000 	C:\windows\system32\ADVAPI32.dll
0x00007ff83ebd0000 - 0x00007ff83ebee000 	C:\windows\SYSTEM32\MPR.dll
0x00007ff846de0000 - 0x00007ff846f20000 	C:\windows\system32\RPCRT4.dll
0x00007ff846a80000 - 0x00007ff846ad9000 	C:\windows\SYSTEM32\sechost.dll
0x00007ff846f80000 - 0x00007ff847192000 	C:\windows\SYSTEM32\combase.dll
0x00007ff848c60000 - 0x00007ff848daf000 	C:\windows\system32\GDI32.dll
0x00007ff846500000 - 0x00007ff846515000 	C:\windows\SYSTEM32\profapi.dll
0x00007ff844870000 - 0x00007ff844922000 	C:\windows\SYSTEM32\SHCORE.dll
0x00007ff8491a0000 - 0x00007ff8491d6000 	C:\windows\system32\IMM32.DLL
0x00007ff847360000 - 0x00007ff8474b2000 	C:\windows\system32\MSCTF.dll
0x00007ff8435d0000 - 0x00007ff84384b000 	C:\windows\WinSxS\amd64_microsoft.windows.common-controls_6595b64144ccf1df_6.0.9600.18006_none_623f33d3ecbe86e8\COMCTL32.dll
0x000000005cfa0000 - 0x000000005d072000 	C:\Program Files\Java\jdk1.8.0_20\jre\bin\msvcr100.dll
0x000000005ad70000 - 0x000000005b5c8000 	C:\Program Files\Java\jdk1.8.0_20\jre\bin\server\jvm.dll
0x00007ff842450000 - 0x00007ff842459000 	C:\windows\SYSTEM32\WSOCK32.dll
0x00007ff83eba0000 - 0x00007ff83ebc2000 	C:\windows\SYSTEM32\WINMM.dll
0x00007ff846a70000 - 0x00007ff846a77000 	C:\windows\system32\PSAPI.DLL
0x00007ff846ba0000 - 0x00007ff846bfa000 	C:\windows\system32\WS2_32.dll
0x00007ff83eb70000 - 0x00007ff83eb9a000 	C:\windows\SYSTEM32\WINMMBASE.dll
0x00007ff848db0000 - 0x00007ff848db9000 	C:\windows\system32\NSI.dll
0x00007ff846630000 - 0x00007ff84667f000 	C:\windows\SYSTEM32\cfgmgr32.dll
0x00007ff845310000 - 0x00007ff845338000 	C:\windows\SYSTEM32\DEVOBJ.dll
0x000000005e6f0000 - 0x000000005e6ff000 	C:\Program Files\Java\jdk1.8.0_20\jre\bin\verify.dll
0x000000005cf70000 - 0x000000005cf98000 	C:\Program Files\Java\jdk1.8.0_20\jre\bin\java.dll
0x000000005cf50000 - 0x000000005cf66000 	C:\Program Files\Java\jdk1.8.0_20\jre\bin\zip.dll
0x000000005cf30000 - 0x000000005cf4a000 	C:\Program Files\Java\jdk1.8.0_20\jre\bin\net.dll
0x00007ff845e00000 - 0x00007ff845e59000 	C:\windows\system32\mswsock.dll
0x00007ff840a70000 - 0x00007ff840a9a000 	C:\windows\SYSTEM32\IPHLPAPI.DLL
0x00007ff840a60000 - 0x00007ff840a6a000 	C:\windows\SYSTEM32\WINNSI.DLL
0x00007ff840300000 - 0x00007ff840316000 	C:\windows\SYSTEM32\dhcpcsvc6.DLL
0x00007ff840780000 - 0x00007ff84079a000 	C:\windows\SYSTEM32\dhcpcsvc.DLL

VM Arguments:
jvm_args: -Djava.awt.headless=true -Xmx1024M -Dfile.encoding=windows-1252 -Duser.country=BE -Duser.language=fr -Duser.variant 
java_command: com.android.dx.command.Main --dex --force-jumbo --num-threads=4 --multi-dex --output C:\Users\mupac_000\Desktop\StockHawk-master\app\build\intermediates\transforms\dex\debug\folders\1000\10\instant-run-bootstrap_c6fe84a0c8fd0ef005cdfa3271f19f33048daf82 C:\Users\mupac_000\Desktop\StockHawk-master\app\build\intermediates\incremental-classes\debug\instant-run-bootstrap.jar
java_class_path (initial): C:\Users\mupac_000\AppData\Local\Android\sdk\build-tools\25.0.2\lib\dx.jar
Launcher Type: SUN_STANDARD

Environment Variables:
PATH=C:\python35\Scripts\;C:\python35\;C:\ProgramData\Oracle\Java\javapath;C:\windows\system32;C:\windows;C:\windows\System32\Wbem;C:\windows\System32\WindowsPowerShell\v1.0\;C:\Program Files\nodejs\;C:\Program Files\doxygen\bin;C:\Program Files\Git\cmd;C:\Program Files\Git\mingw64\bin;C:\Program Files\Git\usr\bin;C:\Program Files (x86)\Brackets\command;C:\ProgramData\ComposerSetup\bin;C:\Program Files (x86)\Google\Cloud SDK\google-cloud-sdk\bin;C:\Program Files (x86)\QuickTime Alternative\QTSystem;C:\Program Files (x86)\Skype\Phone\;C:\Users\mupac_000\AppData\Roaming\npm;C:\wamp64\bin\php\php5.6.16;C:\Users\mupac_000\AppData\Roaming\Composer\vendor\bin
USERNAME=mupac_000
OS=Windows_NT
PROCESSOR_IDENTIFIER=Intel64 Family 6 Model 69 Stepping 1, GenuineIntel



---------------  S Y S T E M  ---------------

OS: Windows 8.1 , 64 bit Build 9600 

CPU:total 4 (2 cores per cpu, 2 threads per core) family 6 model 69 stepping 1, cmov, cx8, fxsr, mmx, sse, sse2, sse3, ssse3, sse4.1, sse4.2, popcnt, avx, avx2, aes, clmul, erms, lzcnt, ht, tsc, tscinvbit, bmi1, bmi2

Memory: 4k page, physical 4097096k(488828k free), swap 7242824k(5064k free)

vm_info: Java HotSpot(TM) 64-Bit Server VM (25.20-b23) for windows-amd64 JRE (1.8.0_20-b26), built on Jul 30 2014 13:51:23 by "java_re" with MS VC++ 10.0 (VS2010)

time: Sat May 20 19:00:43 2017
elapsed time: 8 seconds (0d 0h 0m 8s)

