#
# There is insufficient memory for the Java Runtime Environment to continue.
# Native memory allocation (malloc) failed to allocate 65552 bytes for Chunk::new
# Possible reasons:
#   The system is out of physical RAM or swap space
#   In 32 bit mode, the process size limit was hit
# Possible solutions:
#   Reduce memory load on the system
#   Increase physical memory or swap space
#   Check if swap backing store is full
#   Use 64 bit Java on a 64 bit OS
#   Decrease Java heap size (-Xmx/-Xms)
#   Decrease number of Java threads
#   Decrease Java thread stack sizes (-Xss)
#   Set larger code cache with -XX:ReservedCodeCacheSize=
# This output file may be truncated or incomplete.
#
#  Out of Memory Error (allocation.cpp:390), pid=216, tid=5524
#
# JRE version: Java(TM) SE Runtime Environment (8.0_20-b26) (build 1.8.0_20-b26)
# Java VM: Java HotSpot(TM) 64-Bit Server VM (25.20-b23 mixed mode windows-amd64 compressed oops)
# Failed to write core dump. Minidumps are not enabled by default on client versions of Windows
#

---------------  T H R E A D  ---------------

Current thread (0x0000000014bce000):  JavaThread "C2 CompilerThread1" daemon [_thread_in_native, id=5524, stack(0x0000000016200000,0x0000000016300000)]

Stack: [0x0000000016200000,0x0000000016300000]
Native frames: (J=compiled Java code, j=interpreted, Vv=VM code, C=native code)
V  [jvm.dll+0x3152fa]


Current CompileTask:
C2:   2088 1273       4       com.android.dx.ssa.SCCP::simulateStmt (481 bytes)


---------------  P R O C E S S  ---------------

Java Threads: ( => current thread )
  0x00000000167ca000 JavaThread "pool-2-thread-4" [_thread_in_Java, id=4128, stack(0x0000000016e00000,0x0000000016f00000)]
  0x00000000167c9000 JavaThread "pool-2-thread-3" [_thread_blocked, id=5676, stack(0x0000000016d00000,0x0000000016e00000)]
  0x00000000167c7000 JavaThread "pool-2-thread-2" [_thread_in_Java, id=2784, stack(0x0000000016c00000,0x0000000016d00000)]
  0x000000001680e800 JavaThread "pool-3-thread-1" [_thread_blocked, id=7544, stack(0x0000000016b00000,0x0000000016c00000)]
  0x000000001680b000 JavaThread "pool-2-thread-1" [_thread_blocked, id=7884, stack(0x0000000016a00000,0x0000000016b00000)]
  0x0000000014bdb800 JavaThread "Service Thread" daemon [_thread_blocked, id=7304, stack(0x0000000016400000,0x0000000016500000)]
  0x0000000014bd4800 JavaThread "C1 CompilerThread2" daemon [_thread_blocked, id=8120, stack(0x0000000016300000,0x0000000016400000)]
=>0x0000000014bce000 JavaThread "C2 CompilerThread1" daemon [_thread_in_native, id=5524, stack(0x0000000016200000,0x0000000016300000)]
  0x0000000014b7d000 JavaThread "C2 CompilerThread0" daemon [_thread_in_native, id=7496, stack(0x0000000016100000,0x0000000016200000)]
  0x0000000014b7b000 JavaThread "Attach Listener" daemon [_thread_blocked, id=3204, stack(0x0000000016000000,0x0000000016100000)]
  0x0000000014b7a000 JavaThread "Signal Dispatcher" daemon [_thread_blocked, id=5852, stack(0x0000000015f00000,0x0000000016000000)]
  0x00000000024a6000 JavaThread "Finalizer" daemon [_thread_blocked, id=3708, stack(0x0000000015e00000,0x0000000015f00000)]
  0x000000000249d000 JavaThread "Reference Handler" daemon [_thread_blocked, id=6184, stack(0x0000000015d00000,0x0000000015e00000)]
  0x00000000023b0800 JavaThread "main" [_thread_blocked, id=6312, stack(0x00000000022a0000,0x00000000023a0000)]

Other Threads:
  0x0000000014b46800 VMThread [stack: 0x0000000015c00000,0x0000000015d00000] [id=1400]
  0x0000000014bde000 WatcherThread [stack: 0x0000000016500000,0x0000000016600000] [id=8140]

VM state:not at safepoint (normal execution)

VM Mutex/Monitor currently owned by a thread:  ([mutex/lock_event])
[0x00000000023ab9e0] CodeCache_lock - owner thread: 0x0000000000000000

Heap:
 PSYoungGen      total 35328K, used 7431K [0x00000000eab00000, 0x00000000ed000000, 0x0000000100000000)
  eden space 32768K, 14% used [0x00000000eab00000,0x00000000eafc5ca0,0x00000000ecb00000)
  from space 2560K, 99% used [0x00000000ecd80000,0x00000000ecffc028,0x00000000ed000000)
  to   space 2560K, 0% used [0x00000000ecb00000,0x00000000ecb00000,0x00000000ecd80000)
 ParOldGen       total 44032K, used 3623K [0x00000000c0000000, 0x00000000c2b00000, 0x00000000eab00000)
  object space 44032K, 8% used [0x00000000c0000000,0x00000000c0389e90,0x00000000c2b00000)
 Metaspace       used 5991K, capacity 6960K, committed 7040K, reserved 1056768K
  class space    used 592K, capacity 616K, committed 640K, reserved 1048576K

Card table byte_map: [0x0000000011870000,0x0000000011a80000] byte_map_base: 0x0000000011270000

Marking Bits: (ParMarkBitMap*) 0x000000005b54b460
 Begin Bits: [0x0000000011fe0000, 0x0000000012fe0000)
 End Bits:   [0x0000000012fe0000, 0x0000000013fe0000)

Polling page: 0x00000000008a0000

CodeCache: size=245760Kb used=4986Kb max_used=4986Kb free=240773Kb
 bounds [0x00000000024b0000, 0x00000000029a0000, 0x00000000114b0000]
 total_blobs=1544 nmethods=1279 adapters=179
 compilation: enabled

Compilation events (10 events):
Event: 2.078 Thread 0x0000000014bce000 nmethod 1268 0x0000000002974bd0 code [0x0000000002974d20, 0x0000000002974f98]
Event: 2.078 Thread 0x0000000014bce000 1273       4       com.android.dx.ssa.SCCP::simulateStmt (481 bytes)
Event: 2.084 Thread 0x0000000014bd4800 nmethod 1276 0x000000000297c910 code [0x000000000297d7c0, 0x00000000029892a8]
Event: 2.084 Thread 0x0000000014bd4800 1282       3       com.android.dx.rop.cst.CstFloat::getType (4 bytes)
Event: 2.084 Thread 0x0000000014bd4800 nmethod 1282 0x000000000296af50 code [0x000000000296b0a0, 0x000000000296b1f0]
Event: 2.084 Thread 0x0000000014bd4800 1284       3       com.android.dx.rop.code.DexTranslationAdvice::hasConstantOperation (163 bytes)
Event: 2.085 Thread 0x0000000014bd4800 nmethod 1284 0x000000000298f2d0 code [0x000000000298f520, 0x0000000002990db8]
Event: 2.085 Thread 0x0000000014bd4800 1263       3       com.android.dx.ssa.back.FirstFitLocalCombiningAllocator::tryMapReg (41 bytes)
Event: 2.086 Thread 0x0000000014bd4800 nmethod 1263 0x000000000297b250 code [0x000000000297b480, 0x000000000297c248]
Event: 2.086 Thread 0x0000000014bd4800 1281       3       com.android.dx.cf.attrib.AttLineNumberTable::byteLength (13 bytes)

GC Heap History (4 events):
Event: 1.166 GC heap before
{Heap before GC invocations=1 (full 0):
 PSYoungGen      total 18944K, used 16384K [0x00000000eab00000, 0x00000000ec000000, 0x0000000100000000)
  eden space 16384K, 100% used [0x00000000eab00000,0x00000000ebb00000,0x00000000ebb00000)
  from space 2560K, 0% used [0x00000000ebd80000,0x00000000ebd80000,0x00000000ec000000)
  to   space 2560K, 0% used [0x00000000ebb00000,0x00000000ebb00000,0x00000000ebd80000)
 ParOldGen       total 44032K, used 0K [0x00000000c0000000, 0x00000000c2b00000, 0x00000000eab00000)
  object space 44032K, 0% used [0x00000000c0000000,0x00000000c0000000,0x00000000c2b00000)
 Metaspace       used 5692K, capacity 6704K, committed 6784K, reserved 1056768K
  class space    used 585K, capacity 616K, committed 640K, reserved 1048576K
Event: 1.270 GC heap after
Heap after GC invocations=1 (full 0):
 PSYoungGen      total 18944K, used 2554K [0x00000000eab00000, 0x00000000ed000000, 0x0000000100000000)
  eden space 16384K, 0% used [0x00000000eab00000,0x00000000eab00000,0x00000000ebb00000)
  from space 2560K, 99% used [0x00000000ebb00000,0x00000000ebd7eab8,0x00000000ebd80000)
  to   space 2560K, 0% used [0x00000000ecd80000,0x00000000ecd80000,0x00000000ed000000)
 ParOldGen       total 44032K, used 1369K [0x00000000c0000000, 0x00000000c2b00000, 0x00000000eab00000)
  object space 44032K, 3% used [0x00000000c0000000,0x00000000c0156548,0x00000000c2b00000)
 Metaspace       used 5692K, capacity 6704K, committed 6784K, reserved 1056768K
  class space    used 585K, capacity 616K, committed 640K, reserved 1048576K
}
Event: 1.987 GC heap before
{Heap before GC invocations=2 (full 0):
 PSYoungGen      total 18944K, used 18938K [0x00000000eab00000, 0x00000000ed000000, 0x0000000100000000)
  eden space 16384K, 100% used [0x00000000eab00000,0x00000000ebb00000,0x00000000ebb00000)
  from space 2560K, 99% used [0x00000000ebb00000,0x00000000ebd7eab8,0x00000000ebd80000)
  to   space 2560K, 0% used [0x00000000ecd80000,0x00000000ecd80000,0x00000000ed000000)
 ParOldGen       total 44032K, used 1369K [0x00000000c0000000, 0x00000000c2b00000, 0x00000000eab00000)
  object space 44032K, 3% used [0x00000000c0000000,0x00000000c0156548,0x00000000c2b00000)
 Metaspace       used 5972K, capacity 6960K, committed 7040K, reserved 1056768K
  class space    used 592K, capacity 616K, committed 640K, reserved 1048576K
Event: 2.059 GC heap after
Heap after GC invocations=2 (full 0):
 PSYoungGen      total 35328K, used 2544K [0x00000000eab00000, 0x00000000ed000000, 0x0000000100000000)
  eden space 32768K, 0% used [0x00000000eab00000,0x00000000eab00000,0x00000000ecb00000)
  from space 2560K, 99% used [0x00000000ecd80000,0x00000000ecffc028,0x00000000ed000000)
  to   space 2560K, 0% used [0x00000000ecb00000,0x00000000ecb00000,0x00000000ecd80000)
 ParOldGen       total 44032K, used 3623K [0x00000000c0000000, 0x00000000c2b00000, 0x00000000eab00000)
  object space 44032K, 8% used [0x00000000c0000000,0x00000000c0389e90,0x00000000c2b00000)
 Metaspace       used 5972K, capacity 6960K, committed 7040K, reserved 1056768K
  class space    used 592K, capacity 616K, committed 640K, reserved 1048576K
}

Deoptimization events (8 events):
Event: 1.139 Thread 0x00000000167ca000 Uncommon trap: reason=class_check action=maybe_recompile pc=0x0000000002715e2c method=com.android.dx.ssa.NormalSsaInsn.accept(Lcom/android/dx/ssa/SsaInsn$Visitor;)V @ 9
Event: 1.276 Thread 0x00000000167ca000 Uncommon trap: reason=class_check action=maybe_recompile pc=0x0000000002715e2c method=com.android.dx.ssa.NormalSsaInsn.accept(Lcom/android/dx/ssa/SsaInsn$Visitor;)V @ 9
Event: 1.276 Thread 0x00000000167ca000 Uncommon trap: reason=class_check action=maybe_recompile pc=0x000000000270a95c method=com.android.dx.ssa.NormalSsaInsn.accept(Lcom/android/dx/ssa/SsaInsn$Visitor;)V @ 9
Event: 1.276 Thread 0x00000000167ca000 Uncommon trap: reason=class_check action=maybe_recompile pc=0x000000000270a95c method=com.android.dx.ssa.NormalSsaInsn.accept(Lcom/android/dx/ssa/SsaInsn$Visitor;)V @ 9
Event: 1.296 Thread 0x000000001680b000 Uncommon trap: reason=null_check action=make_not_entrant pc=0x000000000271657c method=com.android.dx.ssa.SsaRenamer.getLocalForNewReg(I)Lcom/android/dx/rop/code/LocalItem; @ 19
Event: 1.359 Thread 0x000000001680b000 Uncommon trap: reason=unreached action=reinterpret pc=0x000000000274869c method=com.android.dx.rop.cst.Constant.compareTo(Lcom/android/dx/rop/cst/Constant;)I @ 12
Event: 2.069 Thread 0x00000000167c7000 Uncommon trap: reason=bimorphic action=maybe_recompile pc=0x00000000026ccdd0 method=java.util.HashMap.getNode(ILjava/lang/Object;)Ljava/util/HashMap$Node; @ 126
Event: 2.069 Thread 0x00000000167c7000 Uncommon trap: reason=class_check action=maybe_recompile pc=0x000000000296ec34 method=java.util.HashMap.putVal(ILjava/lang/Object;Ljava/lang/Object;ZZ)Ljava/lang/Object; @ 203

Internal exceptions (10 events):
Event: 0.800 Thread 0x00000000023b0800 Exception <a 'java/security/PrivilegedActionException'> (0x00000000eb647618) thrown at [D:\re\workspace\8-2-build-windows-amd64-cygwin\jdk8u20\1074\hotspot\src\share\vm\prims\jvm.cpp, line 1275]
Event: 0.801 Thread 0x00000000167c9000 Exception <a 'java/security/PrivilegedActionException'> (0x00000000eb5edfa8) thrown at [D:\re\workspace\8-2-build-windows-amd64-cygwin\jdk8u20\1074\hotspot\src\share\vm\prims\jvm.cpp, line 1275]
Event: 1.296 Thread 0x000000001680b000 Implicit null exception at 0x0000000002714491 to 0x0000000002716555
Event: 1.381 Thread 0x00000000023b0800 Exception <a 'java/security/PrivilegedActionException'> (0x00000000eb091bd0) thrown at [D:\re\workspace\8-2-build-windows-amd64-cygwin\jdk8u20\1074\hotspot\src\share\vm\prims\jvm.cpp, line 1275]
Event: 1.385 Thread 0x00000000023b0800 Exception <a 'java/security/PrivilegedActionException'> (0x00000000eb0a4de0) thrown at [D:\re\workspace\8-2-build-windows-amd64-cygwin\jdk8u20\1074\hotspot\src\share\vm\prims\jvm.cpp, line 1275]
Event: 1.385 Thread 0x00000000023b0800 Exception <a 'java/security/PrivilegedActionException'> (0x00000000eb0a7780) thrown at [D:\re\workspace\8-2-build-windows-amd64-cygwin\jdk8u20\1074\hotspot\src\share\vm\prims\jvm.cpp, line 1275]
Event: 1.429 Thread 0x00000000167c9000 Exception <a 'java/security/PrivilegedActionException'> (0x00000000eb3cb870) thrown at [D:\re\workspace\8-2-build-windows-amd64-cygwin\jdk8u20\1074\hotspot\src\share\vm\prims\jvm.cpp, line 1275]
Event: 1.508 Thread 0x00000000167c7000 Exception <a 'java/security/PrivilegedActionException'> (0x00000000eb50d010) thrown at [D:\re\workspace\8-2-build-windows-amd64-cygwin\jdk8u20\1074\hotspot\src\share\vm\prims\jvm.cpp, line 1275]
Event: 1.509 Thread 0x00000000167c7000 Exception <a 'java/security/PrivilegedActionException'> (0x00000000eb512a58) thrown at [D:\re\workspace\8-2-build-windows-amd64-cygwin\jdk8u20\1074\hotspot\src\share\vm\prims\jvm.cpp, line 1275]
Event: 1.510 Thread 0x00000000167c7000 Exception <a 'java/security/PrivilegedActionException'> (0x00000000eb518230) thrown at [D:\re\workspace\8-2-build-windows-amd64-cygwin\jdk8u20\1074\hotspot\src\share\vm\prims\jvm.cpp, line 1275]

Events (10 events):
Event: 1.562 Executing VM operation: ForceSafepoint
Event: 1.946 Executing VM operation: ForceSafepoint done
Event: 1.987 Executing VM operation: ParallelGCFailedAllocation
Event: 2.059 Executing VM operation: ParallelGCFailedAllocation done
Event: 2.069 Thread 0x00000000167c7000 Uncommon trap: trap_request=0xffffffc6 fr.pc=0x00000000026ccdd0
Event: 2.069 Thread 0x00000000167c7000 DEOPT PACKING pc=0x00000000026ccdd0 sp=0x0000000016cfebb0
Event: 2.069 Thread 0x00000000167c7000 DEOPT UNPACKING pc=0x00000000024f556a sp=0x0000000016cfeb30 mode 2
Event: 2.069 Thread 0x00000000167c7000 Uncommon trap: trap_request=0xffffffde fr.pc=0x000000000296ec34
Event: 2.069 Thread 0x00000000167c7000 DEOPT PACKING pc=0x000000000296ec34 sp=0x0000000016cfeb90
Event: 2.069 Thread 0x00000000167c7000 DEOPT UNPACKING pc=0x00000000024f556a sp=0x0000000016cfeb08 mode 2


Dynamic libraries:
0x00007ff6a57f0000 - 0x00007ff6a5824000 	C:\Program Files\Java\jdk1.8.0_20\bin\java.exe
0x00007ff8493e0000 - 0x00007ff84958d000 	C:\windows\SYSTEM32\ntdll.dll
0x00007ff848ff0000 - 0x00007ff84912e000 	C:\windows\system32\KERNEL32.DLL
0x00007ff846730000 - 0x00007ff846845000 	C:\windows\system32\KERNELBASE.dll
0x00007ff8450c0000 - 0x00007ff84514e000 	C:\windows\system32\apphelp.dll
0x00007ff83e060000 - 0x00007ff83e0b3000 	C:\windows\AppPatch\AppPatch64\AcGenral.DLL
0x00007ff848dc0000 - 0x00007ff848e6a000 	C:\windows\system32\msvcrt.dll
0x00007ff846a30000 - 0x00007ff846a5e000 	C:\windows\system32\SspiCli.dll
0x00007ff849380000 - 0x00007ff8493d4000 	C:\windows\system32\SHLWAPI.dll
0x00007ff848e70000 - 0x00007ff848fe7000 	C:\windows\system32\USER32.dll
0x00007ff8491e0000 - 0x00007ff849374000 	C:\windows\system32\ole32.dll
0x00007ff847730000 - 0x00007ff848c58000 	C:\windows\system32\SHELL32.dll
0x00007ff845b40000 - 0x00007ff845b61000 	C:\windows\SYSTEM32\USERENV.dll
0x00007ff847580000 - 0x00007ff84762a000 	C:\windows\system32\ADVAPI32.dll
0x00007ff83ebd0000 - 0x00007ff83ebee000 	C:\windows\SYSTEM32\MPR.dll
0x00007ff846de0000 - 0x00007ff846f20000 	C:\windows\system32\RPCRT4.dll
0x00007ff846a80000 - 0x00007ff846ad9000 	C:\windows\SYSTEM32\sechost.dll
0x00007ff846f80000 - 0x00007ff847192000 	C:\windows\SYSTEM32\combase.dll
0x00007ff848c60000 - 0x00007ff848daf000 	C:\windows\system32\GDI32.dll
0x00007ff846500000 - 0x00007ff846515000 	C:\windows\SYSTEM32\profapi.dll
0x00007ff844870000 - 0x00007ff844922000 	C:\windows\SYSTEM32\SHCORE.dll
0x00007ff8491a0000 - 0x00007ff8491d6000 	C:\windows\system32\IMM32.DLL
0x00007ff847360000 - 0x00007ff8474b2000 	C:\windows\system32\MSCTF.dll
0x00007ff8435d0000 - 0x00007ff84384b000 	C:\windows\WinSxS\amd64_microsoft.windows.common-controls_6595b64144ccf1df_6.0.9600.18006_none_623f33d3ecbe86e8\COMCTL32.dll
0x000000005d080000 - 0x000000005d152000 	C:\Program Files\Java\jdk1.8.0_20\jre\bin\msvcr100.dll
0x000000005ad70000 - 0x000000005b5c8000 	C:\Program Files\Java\jdk1.8.0_20\jre\bin\server\jvm.dll
0x00007ff841fe0000 - 0x00007ff841fe9000 	C:\windows\SYSTEM32\WSOCK32.dll
0x00007ff83eba0000 - 0x00007ff83ebc2000 	C:\windows\SYSTEM32\WINMM.dll
0x00007ff846a70000 - 0x00007ff846a77000 	C:\windows\system32\PSAPI.DLL
0x00007ff846ba0000 - 0x00007ff846bfa000 	C:\windows\system32\WS2_32.dll
0x00007ff83eb70000 - 0x00007ff83eb9a000 	C:\windows\SYSTEM32\WINMMBASE.dll
0x00007ff848db0000 - 0x00007ff848db9000 	C:\windows\system32\NSI.dll
0x00007ff846630000 - 0x00007ff84667f000 	C:\windows\SYSTEM32\cfgmgr32.dll
0x00007ff845310000 - 0x00007ff845338000 	C:\windows\SYSTEM32\DEVOBJ.dll
0x000000005d070000 - 0x000000005d07f000 	C:\Program Files\Java\jdk1.8.0_20\jre\bin\verify.dll
0x000000005d040000 - 0x000000005d068000 	C:\Program Files\Java\jdk1.8.0_20\jre\bin\java.dll
0x000000005d020000 - 0x000000005d036000 	C:\Program Files\Java\jdk1.8.0_20\jre\bin\zip.dll

VM Arguments:
jvm_args: -Djava.awt.headless=true -Xmx1024M -Dfile.encoding=windows-1252 -Duser.country=BE -Duser.language=fr -Duser.variant 
java_command: com.android.dx.command.Main --dex --force-jumbo --num-threads=4 --multi-dex --output C:\Users\mupac_000\Desktop\StockHawk-master\app\build\intermediates\transforms\dex\debug\folders\1000\10\com.android.support-support-core-utils-25.1.0_8dd8fcc95c9d8133b028f741df0e77c7ab7e5af9 C:\Users\mupac_000\Desktop\StockHawk-master\app\build\intermediates\exploded-aar\com.android.support\support-core-utils\25.1.0\jars\classes.jar
java_class_path (initial): C:\Users\mupac_000\AppData\Local\Android\sdk\build-tools\25.0.2\lib\dx.jar
Launcher Type: SUN_STANDARD

Environment Variables:
PATH=C:\python35\Scripts\;C:\python35\;C:\ProgramData\Oracle\Java\javapath;C:\windows\system32;C:\windows;C:\windows\System32\Wbem;C:\windows\System32\WindowsPowerShell\v1.0\;C:\Program Files\nodejs\;C:\Program Files\doxygen\bin;C:\Program Files\Git\cmd;C:\Program Files\Git\mingw64\bin;C:\Program Files\Git\usr\bin;C:\Program Files (x86)\Brackets\command;C:\ProgramData\ComposerSetup\bin;C:\Program Files (x86)\Google\Cloud SDK\google-cloud-sdk\bin;C:\Program Files (x86)\QuickTime Alternative\QTSystem;C:\Program Files (x86)\Skype\Phone\;C:\Users\mupac_000\AppData\Roaming\npm;C:\wamp64\bin\php\php5.6.16;C:\Users\mupac_000\AppData\Roaming\Composer\vendor\bin
USERNAME=mupac_000
OS=Windows_NT
PROCESSOR_IDENTIFIER=Intel64 Family 6 Model 69 Stepping 1, GenuineIntel



---------------  S Y S T E M  ---------------

OS: Windows 8.1 , 64 bit Build 9600 

CPU:total 4 (2 cores per cpu, 2 threads per core) family 6 model 69 stepping 1, cmov, cx8, fxsr, mmx, sse, sse2, sse3, ssse3, sse4.1, sse4.2, popcnt, avx, avx2, aes, clmul, erms, lzcnt, ht, tsc, tscinvbit, bmi1, bmi2

Memory: 4k page, physical 4097096k(910868k free), swap 7242824k(5128k free)

vm_info: Java HotSpot(TM) 64-Bit Server VM (25.20-b23) for windows-amd64 JRE (1.8.0_20-b26), built on Jul 30 2014 13:51:23 by "java_re" with MS VC++ 10.0 (VS2010)

time: Sat May 20 03:55:32 2017
elapsed time: 2 seconds (0d 0h 0m 2s)

