#
# There is insufficient memory for the Java Runtime Environment to continue.
# Native memory allocation (malloc) failed to allocate 32976 bytes for Chunk::new
# Possible reasons:
#   The system is out of physical RAM or swap space
#   In 32 bit mode, the process size limit was hit
# Possible solutions:
#   Reduce memory load on the system
#   Increase physical memory or swap space
#   Check if swap backing store is full
#   Use 64 bit Java on a 64 bit OS
#   Decrease Java heap size (-Xmx/-Xms)
#   Decrease number of Java threads
#   Decrease Java thread stack sizes (-Xss)
#   Set larger code cache with -XX:ReservedCodeCacheSize=
# This output file may be truncated or incomplete.
#
#  Out of Memory Error (allocation.cpp:390), pid=7208, tid=6540
#
# JRE version: Java(TM) SE Runtime Environment (8.0_20-b26) (build 1.8.0_20-b26)
# Java VM: Java HotSpot(TM) 64-Bit Server VM (25.20-b23 mixed mode windows-amd64 compressed oops)
# Failed to write core dump. Minidumps are not enabled by default on client versions of Windows
#

---------------  T H R E A D  ---------------

Current thread (0x000000001466c000):  JavaThread "C2 CompilerThread0" daemon [_thread_in_native, id=6540, stack(0x0000000015bd0000,0x0000000015cd0000)]

Stack: [0x0000000015bd0000,0x0000000015cd0000]
Native frames: (J=compiled Java code, j=interpreted, Vv=VM code, C=native code)
V  [jvm.dll+0x3152fa]


Current CompileTask:
C2:  12449 1780       4       com.android.dx.rop.cst.CstString::hashCode (8 bytes)


---------------  P R O C E S S  ---------------

Java Threads: ( => current thread )
  0x000000001605a000 JavaThread "pool-1-thread-1" [_thread_in_Java, id=1772, stack(0x00000000164d0000,0x00000000165d0000)]
  0x00000000146ce000 JavaThread "Service Thread" daemon [_thread_blocked, id=7056, stack(0x00000000162d0000,0x00000000163d0000)]
  0x0000000014685800 JavaThread "C1 CompilerThread2" daemon [_thread_blocked, id=7112, stack(0x0000000015dd0000,0x0000000015ed0000)]
  0x000000001466f000 JavaThread "C2 CompilerThread1" daemon [_thread_in_native, id=5380, stack(0x0000000015cd0000,0x0000000015dd0000)]
=>0x000000001466c000 JavaThread "C2 CompilerThread0" daemon [_thread_in_native, id=6540, stack(0x0000000015bd0000,0x0000000015cd0000)]
  0x000000001466a800 JavaThread "Attach Listener" daemon [_thread_blocked, id=4520, stack(0x0000000015ad0000,0x0000000015bd0000)]
  0x0000000014669000 JavaThread "Signal Dispatcher" daemon [_thread_blocked, id=7376, stack(0x00000000159d0000,0x0000000015ad0000)]
  0x0000000001e90800 JavaThread "Finalizer" daemon [_thread_blocked, id=5972, stack(0x00000000158d0000,0x00000000159d0000)]
  0x0000000001e8d000 JavaThread "Reference Handler" daemon [_thread_blocked, id=4944, stack(0x00000000157d0000,0x00000000158d0000)]
  0x0000000001da0800 JavaThread "main" [_thread_blocked, id=7732, stack(0x0000000000550000,0x0000000000650000)]

Other Threads:
  0x0000000014636800 VMThread [stack: 0x00000000156d0000,0x00000000157d0000] [id=6368]
  0x0000000015ee0800 WatcherThread [stack: 0x00000000163d0000,0x00000000164d0000] [id=7688]

VM state:not at safepoint (normal execution)

VM Mutex/Monitor currently owned by a thread: None

Heap:
 PSYoungGen      total 68096K, used 25716K [0x00000000eab00000, 0x00000000ef000000, 0x0000000100000000)
  eden space 65536K, 35% used [0x00000000eab00000,0x00000000ec1a3fe0,0x00000000eeb00000)
  from space 2560K, 98% used [0x00000000eed80000,0x00000000eeff91f0,0x00000000ef000000)
  to   space 2560K, 0% used [0x00000000eeb00000,0x00000000eeb00000,0x00000000eed80000)
 ParOldGen       total 44032K, used 14186K [0x00000000c0000000, 0x00000000c2b00000, 0x00000000eab00000)
  object space 44032K, 32% used [0x00000000c0000000,0x00000000c0dda9a0,0x00000000c2b00000)
 Metaspace       used 6224K, capacity 7152K, committed 7296K, reserved 1056768K
  class space    used 599K, capacity 616K, committed 640K, reserved 1048576K

Card table byte_map: [0x00000000114c0000,0x00000000116d0000] byte_map_base: 0x0000000010ec0000

Marking Bits: (ParMarkBitMap*) 0x000000005b54b460
 Begin Bits: [0x0000000011ad0000, 0x0000000012ad0000)
 End Bits:   [0x0000000012ad0000, 0x0000000013ad0000)

Polling page: 0x0000000001d80000

CodeCache: size=245760Kb used=7586Kb max_used=7586Kb free=238174Kb
 bounds [0x0000000002100000, 0x0000000002870000, 0x0000000011100000]
 total_blobs=1996 nmethods=1730 adapters=179
 compilation: disabled (not enough contiguous free space left)

Compilation events (10 events):
Event: 12.419 Thread 0x000000001466c000 1779       4       com.android.dx.dex.file.Section::throwIfPrepared (18 bytes)
Event: 12.419 Thread 0x000000001466c000 nmethod 1779 0x00000000028467d0 code [0x0000000002846900, 0x0000000002846978]
Event: 12.419 Thread 0x000000001466c000 1780       4       com.android.dx.rop.cst.CstString::hashCode (8 bytes)
Event: 12.419 Thread 0x0000000014685800 1784       1       com.android.dx.dex.file.Section::getAlignment (5 bytes)
Event: 12.420 Thread 0x0000000014685800 nmethod 1784 0x0000000002846510 code [0x0000000002846660, 0x0000000002846770]
Event: 12.420 Thread 0x0000000014685800 1785       3       java.util.TreeMap$Entry::hashCode (42 bytes)
Event: 12.420 Thread 0x0000000014685800 nmethod 1785 0x0000000002848690 code [0x0000000002848820, 0x0000000002848bb8]
Event: 12.420 Thread 0x0000000014685800 1790       3       com.android.dx.dex.file.EncodedField::compareTo (9 bytes)
Event: 12.421 Thread 0x0000000014685800 nmethod 1790 0x0000000002847fd0 code [0x0000000002848140, 0x0000000002848528]
Event: 12.421 Thread 0x0000000014685800 1792       3       com.android.dx.dex.file.EncodedMethod::compareTo (12 bytes)

GC Heap History (8 events):
Event: 4.339 GC heap before
{Heap before GC invocations=1 (full 0):
 PSYoungGen      total 18944K, used 16384K [0x00000000eab00000, 0x00000000ec000000, 0x0000000100000000)
  eden space 16384K, 100% used [0x00000000eab00000,0x00000000ebb00000,0x00000000ebb00000)
  from space 2560K, 0% used [0x00000000ebd80000,0x00000000ebd80000,0x00000000ec000000)
  to   space 2560K, 0% used [0x00000000ebb00000,0x00000000ebb00000,0x00000000ebd80000)
 ParOldGen       total 44032K, used 0K [0x00000000c0000000, 0x00000000c2b00000, 0x00000000eab00000)
  object space 44032K, 0% used [0x00000000c0000000,0x00000000c0000000,0x00000000c2b00000)
 Metaspace       used 5753K, capacity 6768K, committed 7040K, reserved 1056768K
  class space    used 589K, capacity 616K, committed 640K, reserved 1048576K
Event: 4.856 GC heap after
Heap after GC invocations=1 (full 0):
 PSYoungGen      total 18944K, used 2549K [0x00000000eab00000, 0x00000000ed000000, 0x0000000100000000)
  eden space 16384K, 0% used [0x00000000eab00000,0x00000000eab00000,0x00000000ebb00000)
  from space 2560K, 99% used [0x00000000ebb00000,0x00000000ebd7d418,0x00000000ebd80000)
  to   space 2560K, 0% used [0x00000000ecd80000,0x00000000ecd80000,0x00000000ed000000)
 ParOldGen       total 44032K, used 1906K [0x00000000c0000000, 0x00000000c2b00000, 0x00000000eab00000)
  object space 44032K, 4% used [0x00000000c0000000,0x00000000c01dc868,0x00000000c2b00000)
 Metaspace       used 5753K, capacity 6768K, committed 7040K, reserved 1056768K
  class space    used 589K, capacity 616K, committed 640K, reserved 1048576K
}
Event: 5.891 GC heap before
{Heap before GC invocations=2 (full 0):
 PSYoungGen      total 18944K, used 18933K [0x00000000eab00000, 0x00000000ed000000, 0x0000000100000000)
  eden space 16384K, 100% used [0x00000000eab00000,0x00000000ebb00000,0x00000000ebb00000)
  from space 2560K, 99% used [0x00000000ebb00000,0x00000000ebd7d418,0x00000000ebd80000)
  to   space 2560K, 0% used [0x00000000ecd80000,0x00000000ecd80000,0x00000000ed000000)
 ParOldGen       total 44032K, used 1906K [0x00000000c0000000, 0x00000000c2b00000, 0x00000000eab00000)
  object space 44032K, 4% used [0x00000000c0000000,0x00000000c01dc868,0x00000000c2b00000)
 Metaspace       used 5952K, capacity 6960K, committed 7040K, reserved 1056768K
  class space    used 591K, capacity 616K, committed 640K, reserved 1048576K
Event: 5.980 GC heap after
Heap after GC invocations=2 (full 0):
 PSYoungGen      total 35328K, used 2557K [0x00000000eab00000, 0x00000000ed000000, 0x0000000100000000)
  eden space 32768K, 0% used [0x00000000eab00000,0x00000000eab00000,0x00000000ecb00000)
  from space 2560K, 99% used [0x00000000ecd80000,0x00000000ecfff4c8,0x00000000ed000000)
  to   space 2560K, 0% used [0x00000000ecb00000,0x00000000ecb00000,0x00000000ecd80000)
 ParOldGen       total 44032K, used 4084K [0x00000000c0000000, 0x00000000c2b00000, 0x00000000eab00000)
  object space 44032K, 9% used [0x00000000c0000000,0x00000000c03fd2e8,0x00000000c2b00000)
 Metaspace       used 5952K, capacity 6960K, committed 7040K, reserved 1056768K
  class space    used 591K, capacity 616K, committed 640K, reserved 1048576K
}
Event: 8.414 GC heap before
{Heap before GC invocations=3 (full 0):
 PSYoungGen      total 35328K, used 35325K [0x00000000eab00000, 0x00000000ed000000, 0x0000000100000000)
  eden space 32768K, 100% used [0x00000000eab00000,0x00000000ecb00000,0x00000000ecb00000)
  from space 2560K, 99% used [0x00000000ecd80000,0x00000000ecfff4c8,0x00000000ed000000)
  to   space 2560K, 0% used [0x00000000ecb00000,0x00000000ecb00000,0x00000000ecd80000)
 ParOldGen       total 44032K, used 4084K [0x00000000c0000000, 0x00000000c2b00000, 0x00000000eab00000)
  object space 44032K, 9% used [0x00000000c0000000,0x00000000c03fd2e8,0x00000000c2b00000)
 Metaspace       used 6130K, capacity 7088K, committed 7296K, reserved 1056768K
  class space    used 593K, capacity 616K, committed 640K, reserved 1048576K
Event: 8.725 GC heap after
Heap after GC invocations=3 (full 0):
 PSYoungGen      total 35328K, used 2532K [0x00000000eab00000, 0x00000000ef000000, 0x0000000100000000)
  eden space 32768K, 0% used [0x00000000eab00000,0x00000000eab00000,0x00000000ecb00000)
  from space 2560K, 98% used [0x00000000ecb00000,0x00000000ecd791f0,0x00000000ecd80000)
  to   space 2560K, 0% used [0x00000000eed80000,0x00000000eed80000,0x00000000ef000000)
 ParOldGen       total 44032K, used 9420K [0x00000000c0000000, 0x00000000c2b00000, 0x00000000eab00000)
  object space 44032K, 21% used [0x00000000c0000000,0x00000000c0933350,0x00000000c2b00000)
 Metaspace       used 6130K, capacity 7088K, committed 7296K, reserved 1056768K
  class space    used 593K, capacity 616K, committed 640K, reserved 1048576K
}
Event: 9.369 GC heap before
{Heap before GC invocations=4 (full 0):
 PSYoungGen      total 35328K, used 35300K [0x00000000eab00000, 0x00000000ef000000, 0x0000000100000000)
  eden space 32768K, 100% used [0x00000000eab00000,0x00000000ecb00000,0x00000000ecb00000)
  from space 2560K, 98% used [0x00000000ecb00000,0x00000000ecd791f0,0x00000000ecd80000)
  to   space 2560K, 0% used [0x00000000eed80000,0x00000000eed80000,0x00000000ef000000)
 ParOldGen       total 44032K, used 9420K [0x00000000c0000000, 0x00000000c2b00000, 0x00000000eab00000)
  object space 44032K, 21% used [0x00000000c0000000,0x00000000c0933350,0x00000000c2b00000)
 Metaspace       used 6165K, capacity 7088K, committed 7296K, reserved 1056768K
  class space    used 595K, capacity 616K, committed 640K, reserved 1048576K
Event: 9.942 GC heap after
Heap after GC invocations=4 (full 0):
 PSYoungGen      total 68096K, used 2532K [0x00000000eab00000, 0x00000000ef000000, 0x0000000100000000)
  eden space 65536K, 0% used [0x00000000eab00000,0x00000000eab00000,0x00000000eeb00000)
  from space 2560K, 98% used [0x00000000eed80000,0x00000000eeff91f0,0x00000000ef000000)
  to   space 2560K, 0% used [0x00000000eeb00000,0x00000000eeb00000,0x00000000eed80000)
 ParOldGen       total 44032K, used 14186K [0x00000000c0000000, 0x00000000c2b00000, 0x00000000eab00000)
  object space 44032K, 32% used [0x00000000c0000000,0x00000000c0dda9a0,0x00000000c2b00000)
 Metaspace       used 6165K, capacity 7088K, committed 7296K, reserved 1056768K
  class space    used 595K, capacity 616K, committed 640K, reserved 1048576K
}

Deoptimization events (10 events):
Event: 9.266 Thread 0x0000000001da0800 Uncommon trap: reason=bimorphic action=maybe_recompile pc=0x0000000002750148 method=com.android.dx.cf.code.BytecodeArray.parseInstruction(ILcom/android/dx/cf/code/BytecodeArray$Visitor;)I @ 971
Event: 9.266 Thread 0x0000000001da0800 Uncommon trap: reason=bimorphic action=maybe_recompile pc=0x00000000027501c8 method=com.android.dx.cf.code.BytecodeArray.parseInstruction(ILcom/android/dx/cf/code/BytecodeArray$Visitor;)I @ 987
Event: 9.266 Thread 0x0000000001da0800 Uncommon trap: reason=bimorphic action=maybe_recompile pc=0x00000000027501c8 method=com.android.dx.cf.code.BytecodeArray.parseInstruction(ILcom/android/dx/cf/code/BytecodeArray$Visitor;)I @ 987
Event: 11.181 Thread 0x0000000016108800 Uncommon trap: reason=bimorphic action=maybe_recompile pc=0x00000000027e8988 method=com.android.dx.cf.code.BytecodeArray.parseInstruction(ILcom/android/dx/cf/code/BytecodeArray$Visitor;)I @ 1501
Event: 11.182 Thread 0x0000000016108800 Uncommon trap: reason=bimorphic action=maybe_recompile pc=0x00000000027e8988 method=com.android.dx.cf.code.BytecodeArray.parseInstruction(ILcom/android/dx/cf/code/BytecodeArray$Visitor;)I @ 1501
Event: 12.417 Thread 0x000000001605a000 Uncommon trap: reason=class_check action=maybe_recompile pc=0x000000000259f864 method=java.util.Arrays.hashCode([Ljava/lang/Object;)I @ 43
Event: 12.417 Thread 0x000000001605a000 Uncommon trap: reason=class_check action=maybe_recompile pc=0x000000000259f864 method=java.util.Arrays.hashCode([Ljava/lang/Object;)I @ 43
Event: 12.417 Thread 0x000000001605a000 Uncommon trap: reason=class_check action=maybe_recompile pc=0x000000000259f864 method=java.util.Arrays.hashCode([Ljava/lang/Object;)I @ 43
Event: 12.417 Thread 0x000000001605a000 Uncommon trap: reason=class_check action=maybe_recompile pc=0x000000000259f864 method=java.util.Arrays.hashCode([Ljava/lang/Object;)I @ 43
Event: 12.418 Thread 0x000000001605a000 Uncommon trap: reason=class_check action=maybe_recompile pc=0x0000000002595c08 method=java.util.Arrays.hashCode([Ljava/lang/Object;)I @ 43

Internal exceptions (10 events):
Event: 3.881 Thread 0x0000000016107000 Exception <a 'java/security/PrivilegedActionException'> (0x00000000eb6d2d90) thrown at [D:\re\workspace\8-2-build-windows-amd64-cygwin\jdk8u20\1074\hotspot\src\share\vm\prims\jvm.cpp, line 1275]
Event: 3.949 Thread 0x0000000016108000 Exception <a 'java/security/PrivilegedActionException'> (0x00000000eb8d9458) thrown at [D:\re\workspace\8-2-build-windows-amd64-cygwin\jdk8u20\1074\hotspot\src\share\vm\prims\jvm.cpp, line 1275]
Event: 3.950 Thread 0x0000000016108000 Exception <a 'java/security/PrivilegedActionException'> (0x00000000eb8de358) thrown at [D:\re\workspace\8-2-build-windows-amd64-cygwin\jdk8u20\1074\hotspot\src\share\vm\prims\jvm.cpp, line 1275]
Event: 4.320 Thread 0x0000000016108000 Exception <a 'java/security/PrivilegedActionException'> (0x00000000eb8e3da0) thrown at [D:\re\workspace\8-2-build-windows-amd64-cygwin\jdk8u20\1074\hotspot\src\share\vm\prims\jvm.cpp, line 1275]
Event: 4.320 Thread 0x0000000016108000 Exception <a 'java/security/PrivilegedActionException'> (0x00000000eb8e94a8) thrown at [D:\re\workspace\8-2-build-windows-amd64-cygwin\jdk8u20\1074\hotspot\src\share\vm\prims\jvm.cpp, line 1275]
Event: 4.864 Thread 0x000000001604a000 Exception <a 'java/security/PrivilegedActionException'> (0x00000000eab2a828) thrown at [D:\re\workspace\8-2-build-windows-amd64-cygwin\jdk8u20\1074\hotspot\src\share\vm\prims\jvm.cpp, line 1275]
Event: 7.495 Thread 0x0000000016107000 Implicit null exception at 0x000000000257280c to 0x0000000002573d25
Event: 9.175 Thread 0x0000000016108000 Exception <a 'java/security/PrivilegedActionException'> (0x00000000eb4e9118) thrown at [D:\re\workspace\8-2-build-windows-amd64-cygwin\jdk8u20\1074\hotspot\src\share\vm\prims\jvm.cpp, line 1275]
Event: 12.192 Thread 0x0000000001da0800 Exception <a 'java/security/PrivilegedActionException'> (0x00000000ec0c4588) thrown at [D:\re\workspace\8-2-build-windows-amd64-cygwin\jdk8u20\1074\hotspot\src\share\vm\prims\jvm.cpp, line 1275]
Event: 12.417 Thread 0x000000001605a000 Exception <a 'java/security/PrivilegedActionException'> (0x00000000ec1360a8) thrown at [D:\re\workspace\8-2-build-windows-amd64-cygwin\jdk8u20\1074\hotspot\src\share\vm\prims\jvm.cpp, line 1275]

Events (10 events):
Event: 12.417 Thread 0x000000001605a000 DEOPT PACKING pc=0x000000000259f864 sp=0x00000000165cec90
Event: 12.417 Thread 0x000000001605a000 DEOPT UNPACKING pc=0x000000000214556a sp=0x00000000165cebc0 mode 2
Event: 12.417 Thread 0x000000001605a000 Uncommon trap: trap_request=0xffffffde fr.pc=0x000000000259f864
Event: 12.417 Thread 0x000000001605a000 DEOPT PACKING pc=0x000000000259f864 sp=0x00000000165cec30
Event: 12.417 Thread 0x000000001605a000 DEOPT UNPACKING pc=0x000000000214556a sp=0x00000000165ceb60 mode 2
Event: 12.417 loading class com/android/dx/rop/cst/Zeroes
Event: 12.417 loading class com/android/dx/rop/cst/Zeroes done
Event: 12.418 Thread 0x000000001605a000 Uncommon trap: trap_request=0xffffffde fr.pc=0x0000000002595c08
Event: 12.418 Thread 0x000000001605a000 DEOPT PACKING pc=0x0000000002595c08 sp=0x00000000165cec30
Event: 12.418 Thread 0x000000001605a000 DEOPT UNPACKING pc=0x000000000214556a sp=0x00000000165cebb8 mode 2


Dynamic libraries:
0x00007ff6a57f0000 - 0x00007ff6a5824000 	C:\Program Files\Java\jdk1.8.0_20\bin\java.exe
0x00007ff8493e0000 - 0x00007ff84958d000 	C:\windows\SYSTEM32\ntdll.dll
0x00007ff848ff0000 - 0x00007ff84912e000 	C:\windows\system32\KERNEL32.DLL
0x00007ff846730000 - 0x00007ff846845000 	C:\windows\system32\KERNELBASE.dll
0x00007ff8450c0000 - 0x00007ff84514e000 	C:\windows\system32\apphelp.dll
0x00007ff83e060000 - 0x00007ff83e0b3000 	C:\windows\AppPatch\AppPatch64\AcGenral.DLL
0x00007ff848dc0000 - 0x00007ff848e6a000 	C:\windows\system32\msvcrt.dll
0x00007ff846a30000 - 0x00007ff846a5e000 	C:\windows\system32\SspiCli.dll
0x00007ff849380000 - 0x00007ff8493d4000 	C:\windows\system32\SHLWAPI.dll
0x00007ff848e70000 - 0x00007ff848fe7000 	C:\windows\system32\USER32.dll
0x00007ff8491e0000 - 0x00007ff849374000 	C:\windows\system32\ole32.dll
0x00007ff847730000 - 0x00007ff848c58000 	C:\windows\system32\SHELL32.dll
0x00007ff845b40000 - 0x00007ff845b61000 	C:\windows\SYSTEM32\USERENV.dll
0x00007ff847580000 - 0x00007ff84762a000 	C:\windows\system32\ADVAPI32.dll
0x00007ff83ebd0000 - 0x00007ff83ebee000 	C:\windows\SYSTEM32\MPR.dll
0x00007ff846de0000 - 0x00007ff846f20000 	C:\windows\system32\RPCRT4.dll
0x00007ff846a80000 - 0x00007ff846ad9000 	C:\windows\SYSTEM32\sechost.dll
0x00007ff846f80000 - 0x00007ff847192000 	C:\windows\SYSTEM32\combase.dll
0x00007ff848c60000 - 0x00007ff848daf000 	C:\windows\system32\GDI32.dll
0x00007ff846500000 - 0x00007ff846515000 	C:\windows\SYSTEM32\profapi.dll
0x00007ff844870000 - 0x00007ff844922000 	C:\windows\SYSTEM32\SHCORE.dll
0x00007ff8491a0000 - 0x00007ff8491d6000 	C:\windows\system32\IMM32.DLL
0x00007ff847360000 - 0x00007ff8474b2000 	C:\windows\system32\MSCTF.dll
0x00007ff8435d0000 - 0x00007ff84384b000 	C:\windows\WinSxS\amd64_microsoft.windows.common-controls_6595b64144ccf1df_6.0.9600.18006_none_623f33d3ecbe86e8\COMCTL32.dll
0x000000005d080000 - 0x000000005d152000 	C:\Program Files\Java\jdk1.8.0_20\jre\bin\msvcr100.dll
0x000000005ad70000 - 0x000000005b5c8000 	C:\Program Files\Java\jdk1.8.0_20\jre\bin\server\jvm.dll
0x00007ff841fe0000 - 0x00007ff841fe9000 	C:\windows\SYSTEM32\WSOCK32.dll
0x00007ff83eba0000 - 0x00007ff83ebc2000 	C:\windows\SYSTEM32\WINMM.dll
0x00007ff846a70000 - 0x00007ff846a77000 	C:\windows\system32\PSAPI.DLL
0x00007ff846ba0000 - 0x00007ff846bfa000 	C:\windows\system32\WS2_32.dll
0x00007ff83eb70000 - 0x00007ff83eb9a000 	C:\windows\SYSTEM32\WINMMBASE.dll
0x00007ff848db0000 - 0x00007ff848db9000 	C:\windows\system32\NSI.dll
0x00007ff846630000 - 0x00007ff84667f000 	C:\windows\SYSTEM32\cfgmgr32.dll
0x00007ff845310000 - 0x00007ff845338000 	C:\windows\SYSTEM32\DEVOBJ.dll
0x000000005d070000 - 0x000000005d07f000 	C:\Program Files\Java\jdk1.8.0_20\jre\bin\verify.dll
0x000000005d040000 - 0x000000005d068000 	C:\Program Files\Java\jdk1.8.0_20\jre\bin\java.dll
0x000000005d020000 - 0x000000005d036000 	C:\Program Files\Java\jdk1.8.0_20\jre\bin\zip.dll

VM Arguments:
jvm_args: -Djava.awt.headless=true -Xmx1024M -Dfile.encoding=windows-1252 -Duser.country=BE -Duser.language=fr -Duser.variant 
java_command: com.android.dx.command.Main --dex --force-jumbo --num-threads=4 --multi-dex --output C:\Users\mupac_000\Desktop\StockHawk-master\app\build\intermediates\transforms\dex\debug\folders\1000\10\com.android.support-support-fragment-25.1.0_ba93bfd47703dac9542b6c68c3f50545983f4405 C:\Users\mupac_000\Desktop\StockHawk-master\app\build\intermediates\exploded-aar\com.android.support\support-fragment\25.1.0\jars\classes.jar
java_class_path (initial): C:\Users\mupac_000\AppData\Local\Android\sdk\build-tools\25.0.2\lib\dx.jar
Launcher Type: SUN_STANDARD

Environment Variables:
PATH=C:\python35\Scripts\;C:\python35\;C:\ProgramData\Oracle\Java\javapath;C:\windows\system32;C:\windows;C:\windows\System32\Wbem;C:\windows\System32\WindowsPowerShell\v1.0\;C:\Program Files\nodejs\;C:\Program Files\doxygen\bin;C:\Program Files\Git\cmd;C:\Program Files\Git\mingw64\bin;C:\Program Files\Git\usr\bin;C:\Program Files (x86)\Brackets\command;C:\ProgramData\ComposerSetup\bin;C:\Program Files (x86)\Google\Cloud SDK\google-cloud-sdk\bin;C:\Program Files (x86)\QuickTime Alternative\QTSystem;C:\Program Files (x86)\Skype\Phone\;C:\Users\mupac_000\AppData\Roaming\npm;C:\wamp64\bin\php\php5.6.16;C:\Users\mupac_000\AppData\Roaming\Composer\vendor\bin
USERNAME=mupac_000
OS=Windows_NT
PROCESSOR_IDENTIFIER=Intel64 Family 6 Model 69 Stepping 1, GenuineIntel



---------------  S Y S T E M  ---------------

OS: Windows 8.1 , 64 bit Build 9600 

CPU:total 4 (2 cores per cpu, 2 threads per core) family 6 model 69 stepping 1, cmov, cx8, fxsr, mmx, sse, sse2, sse3, ssse3, sse4.1, sse4.2, popcnt, avx, avx2, aes, clmul, erms, lzcnt, ht, tsc, tscinvbit, bmi1, bmi2

Memory: 4k page, physical 4097096k(903936k free), swap 7242824k(141176k free)

vm_info: Java HotSpot(TM) 64-Bit Server VM (25.20-b23) for windows-amd64 JRE (1.8.0_20-b26), built on Jul 30 2014 13:51:23 by "java_re" with MS VC++ 10.0 (VS2010)

time: Sat May 20 03:55:22 2017
elapsed time: 12 seconds (0d 0h 0m 12s)

