#
# There is insufficient memory for the Java Runtime Environment to continue.
# Native memory allocation (malloc) failed to allocate 1320816 bytes for Chunk::new
# Possible reasons:
#   The system is out of physical RAM or swap space
#   In 32 bit mode, the process size limit was hit
# Possible solutions:
#   Reduce memory load on the system
#   Increase physical memory or swap space
#   Check if swap backing store is full
#   Use 64 bit Java on a 64 bit OS
#   Decrease Java heap size (-Xmx/-Xms)
#   Decrease number of Java threads
#   Decrease Java thread stack sizes (-Xss)
#   Set larger code cache with -XX:ReservedCodeCacheSize=
# This output file may be truncated or incomplete.
#
#  Out of Memory Error (allocation.cpp:390), pid=992, tid=4532
#
# JRE version: Java(TM) SE Runtime Environment (8.0_20-b26) (build 1.8.0_20-b26)
# Java VM: Java HotSpot(TM) 64-Bit Server VM (25.20-b23 mixed mode windows-amd64 compressed oops)
# Failed to write core dump. Minidumps are not enabled by default on client versions of Windows
#

---------------  T H R E A D  ---------------

Current thread (0x0000000014fcc000):  JavaThread "C2 CompilerThread0" daemon [_thread_in_native, id=4532, stack(0x0000000016540000,0x0000000016640000)]

Stack: [0x0000000016540000,0x0000000016640000]
Native frames: (J=compiled Java code, j=interpreted, Vv=VM code, C=native code)
V  [jvm.dll+0x3152fa]


Current CompileTask:
C2:  15405 1952       4       com.android.dx.cf.code.Simulator$SimVisitor::visitConstant (332 bytes)


---------------  P R O C E S S  ---------------

Java Threads: ( => current thread )
  0x0000000016de7000 JavaThread "pool-2-thread-4" [_thread_in_Java, id=2776, stack(0x0000000017a40000,0x0000000017b40000)]
  0x0000000016de5800 JavaThread "pool-2-thread-3" [_thread_in_Java, id=8128, stack(0x0000000017940000,0x0000000017a40000)]
  0x0000000016de5000 JavaThread "pool-2-thread-2" [_thread_blocked, id=408, stack(0x0000000017840000,0x0000000017940000)]
  0x0000000016d80800 JavaThread "pool-3-thread-1" [_thread_blocked, id=4252, stack(0x0000000017740000,0x0000000017840000)]
  0x0000000016d57000 JavaThread "pool-2-thread-1" [_thread_in_Java, id=984, stack(0x0000000017640000,0x0000000017740000)]
  0x000000001502a800 JavaThread "Service Thread" daemon [_thread_blocked, id=2752, stack(0x0000000016840000,0x0000000016940000)]
  0x0000000015023800 JavaThread "C1 CompilerThread2" daemon [_thread_blocked, id=1308, stack(0x0000000016740000,0x0000000016840000)]
  0x000000001501d800 JavaThread "C2 CompilerThread1" daemon [_thread_in_native, id=6964, stack(0x0000000016640000,0x0000000016740000)]
=>0x0000000014fcc000 JavaThread "C2 CompilerThread0" daemon [_thread_in_native, id=4532, stack(0x0000000016540000,0x0000000016640000)]
  0x0000000014fca000 JavaThread "Attach Listener" daemon [_thread_blocked, id=5452, stack(0x0000000016440000,0x0000000016540000)]
  0x0000000014fc9000 JavaThread "Signal Dispatcher" daemon [_thread_blocked, id=6044, stack(0x0000000016340000,0x0000000016440000)]
  0x00000000028f6000 JavaThread "Finalizer" daemon [_thread_blocked, id=7272, stack(0x0000000016240000,0x0000000016340000)]
  0x00000000028ed000 JavaThread "Reference Handler" daemon [_thread_blocked, id=1128, stack(0x0000000016140000,0x0000000016240000)]
  0x0000000002800800 JavaThread "main" [_thread_in_Java, id=4876, stack(0x00000000026a0000,0x00000000027a0000)]

Other Threads:
  0x0000000014f96800 VMThread [stack: 0x0000000016040000,0x0000000016140000] [id=1188]
  0x000000001502d800 WatcherThread [stack: 0x0000000016940000,0x0000000016a40000] [id=7684]

VM state:not at safepoint (normal execution)

VM Mutex/Monitor currently owned by a thread: None

Heap:
 PSYoungGen      total 68096K, used 31321K [0x00000000eab00000, 0x00000000f4500000, 0x0000000100000000)
  eden space 65536K, 43% used [0x00000000eab00000,0x00000000ec71ba00,0x00000000eeb00000)
  from space 2560K, 99% used [0x00000000eeb00000,0x00000000eed7acc0,0x00000000eed80000)
  to   space 13312K, 0% used [0x00000000f3800000,0x00000000f3800000,0x00000000f4500000)
 ParOldGen       total 44032K, used 23343K [0x00000000c0000000, 0x00000000c2b00000, 0x00000000eab00000)
  object space 44032K, 53% used [0x00000000c0000000,0x00000000c16cbcf8,0x00000000c2b00000)
 Metaspace       used 6309K, capacity 7192K, committed 7424K, reserved 1056768K
  class space    used 609K, capacity 656K, committed 768K, reserved 1048576K

Card table byte_map: [0x0000000011cc0000,0x0000000011ed0000] byte_map_base: 0x00000000116c0000

Marking Bits: (ParMarkBitMap*) 0x000000005b54b460
 Begin Bits: [0x0000000012430000, 0x0000000013430000)
 End Bits:   [0x0000000013430000, 0x0000000014430000)

Polling page: 0x0000000000d80000

CodeCache: size=245760Kb used=8352Kb max_used=8352Kb free=237407Kb
 bounds [0x0000000002900000, 0x0000000003140000, 0x0000000011900000]
 total_blobs=2166 nmethods=1901 adapters=178
 compilation: enabled

Compilation events (10 events):
Event: 15.350 Thread 0x0000000015023800 1998       2       com.android.dx.ssa.NormalSsaInsn::changeOneSource (120 bytes)
Event: 15.351 Thread 0x0000000015023800 nmethod 1998 0x00000000031057d0 code [0x00000000031059c0, 0x00000000031060b8]
Event: 15.361 Thread 0x0000000015023800 1999       1       com.android.dx.rop.cst.CstDouble::getType (4 bytes)
Event: 15.361 Thread 0x0000000015023800 nmethod 1999 0x00000000030b5850 code [0x00000000030b59a0, 0x00000000030b5ab0]
Event: 15.372 Thread 0x0000000015023800 2000       2       com.android.dx.rop.code.Rops::opIfNe (17 bytes)
Event: 15.372 Thread 0x0000000015023800 nmethod 2000 0x00000000030bd250 code [0x00000000030bd3c0, 0x00000000030bd548]
Event: 15.374 Thread 0x0000000015023800 2001       2       com.android.dx.ssa.Dominators$DfsWalker::<init> (15 bytes)
Event: 15.374 Thread 0x0000000015023800 nmethod 2001 0x0000000003105490 code [0x00000000031055e0, 0x0000000003105750]
Event: 15.381 Thread 0x0000000015023800 2002       2       com.android.dx.ssa.PhiInsn::updateSourcesToDefinitions (68 bytes)
Event: 15.382 Thread 0x0000000015023800 nmethod 2002 0x0000000003104b90 code [0x0000000003104d40, 0x00000000031050f8]

GC Heap History (10 events):
Event: 3.749 GC heap before
{Heap before GC invocations=1 (full 0):
 PSYoungGen      total 18944K, used 16382K [0x00000000eab00000, 0x00000000ec000000, 0x0000000100000000)
  eden space 16384K, 99% used [0x00000000eab00000,0x00000000ebaffb90,0x00000000ebb00000)
  from space 2560K, 0% used [0x00000000ebd80000,0x00000000ebd80000,0x00000000ec000000)
  to   space 2560K, 0% used [0x00000000ebb00000,0x00000000ebb00000,0x00000000ebd80000)
 ParOldGen       total 44032K, used 0K [0x00000000c0000000, 0x00000000c2b00000, 0x00000000eab00000)
  object space 44032K, 0% used [0x00000000c0000000,0x00000000c0000000,0x00000000c2b00000)
 Metaspace       used 5567K, capacity 6576K, committed 6784K, reserved 1056768K
  class space    used 581K, capacity 616K, committed 640K, reserved 1048576K
Event: 3.790 GC heap after
Heap after GC invocations=1 (full 0):
 PSYoungGen      total 18944K, used 2532K [0x00000000eab00000, 0x00000000ed000000, 0x0000000100000000)
  eden space 16384K, 0% used [0x00000000eab00000,0x00000000eab00000,0x00000000ebb00000)
  from space 2560K, 98% used [0x00000000ebb00000,0x00000000ebd79258,0x00000000ebd80000)
  to   space 2560K, 0% used [0x00000000ecd80000,0x00000000ecd80000,0x00000000ed000000)
 ParOldGen       total 44032K, used 1251K [0x00000000c0000000, 0x00000000c2b00000, 0x00000000eab00000)
  object space 44032K, 2% used [0x00000000c0000000,0x00000000c0138ee8,0x00000000c2b00000)
 Metaspace       used 5567K, capacity 6576K, committed 6784K, reserved 1056768K
  class space    used 581K, capacity 616K, committed 640K, reserved 1048576K
}
Event: 4.458 GC heap before
{Heap before GC invocations=2 (full 0):
 PSYoungGen      total 18944K, used 18916K [0x00000000eab00000, 0x00000000ed000000, 0x0000000100000000)
  eden space 16384K, 100% used [0x00000000eab00000,0x00000000ebb00000,0x00000000ebb00000)
  from space 2560K, 98% used [0x00000000ebb00000,0x00000000ebd79258,0x00000000ebd80000)
  to   space 2560K, 0% used [0x00000000ecd80000,0x00000000ecd80000,0x00000000ed000000)
 ParOldGen       total 44032K, used 1251K [0x00000000c0000000, 0x00000000c2b00000, 0x00000000eab00000)
  object space 44032K, 2% used [0x00000000c0000000,0x00000000c0138ee8,0x00000000c2b00000)
 Metaspace       used 5967K, capacity 6904K, committed 7040K, reserved 1056768K
  class space    used 606K, capacity 624K, committed 640K, reserved 1048576K
Event: 4.689 GC heap after
Heap after GC invocations=2 (full 0):
 PSYoungGen      total 35328K, used 2529K [0x00000000eab00000, 0x00000000ed000000, 0x0000000100000000)
  eden space 32768K, 0% used [0x00000000eab00000,0x00000000eab00000,0x00000000ecb00000)
  from space 2560K, 98% used [0x00000000ecd80000,0x00000000ecff86c8,0x00000000ed000000)
  to   space 2560K, 0% used [0x00000000ecb00000,0x00000000ecb00000,0x00000000ecd80000)
 ParOldGen       total 44032K, used 3511K [0x00000000c0000000, 0x00000000c2b00000, 0x00000000eab00000)
  object space 44032K, 7% used [0x00000000c0000000,0x00000000c036dd68,0x00000000c2b00000)
 Metaspace       used 5967K, capacity 6904K, committed 7040K, reserved 1056768K
  class space    used 606K, capacity 624K, committed 640K, reserved 1048576K
}
Event: 7.960 GC heap before
{Heap before GC invocations=3 (full 0):
 PSYoungGen      total 35328K, used 35297K [0x00000000eab00000, 0x00000000ed000000, 0x0000000100000000)
  eden space 32768K, 100% used [0x00000000eab00000,0x00000000ecb00000,0x00000000ecb00000)
  from space 2560K, 98% used [0x00000000ecd80000,0x00000000ecff86c8,0x00000000ed000000)
  to   space 2560K, 0% used [0x00000000ecb00000,0x00000000ecb00000,0x00000000ecd80000)
 ParOldGen       total 44032K, used 3511K [0x00000000c0000000, 0x00000000c2b00000, 0x00000000eab00000)
  object space 44032K, 7% used [0x00000000c0000000,0x00000000c036dd68,0x00000000c2b00000)
 Metaspace       used 6206K, capacity 7128K, committed 7424K, reserved 1056768K
  class space    used 608K, capacity 656K, committed 768K, reserved 1048576K
Event: 8.471 GC heap after
Heap after GC invocations=3 (full 0):
 PSYoungGen      total 35328K, used 2529K [0x00000000eab00000, 0x00000000ef000000, 0x0000000100000000)
  eden space 32768K, 0% used [0x00000000eab00000,0x00000000eab00000,0x00000000ecb00000)
  from space 2560K, 98% used [0x00000000ecb00000,0x00000000ecd786c8,0x00000000ecd80000)
  to   space 2560K, 0% used [0x00000000eed80000,0x00000000eed80000,0x00000000ef000000)
 ParOldGen       total 44032K, used 8410K [0x00000000c0000000, 0x00000000c2b00000, 0x00000000eab00000)
  object space 44032K, 19% used [0x00000000c0000000,0x00000000c0836ad0,0x00000000c2b00000)
 Metaspace       used 6206K, capacity 7128K, committed 7424K, reserved 1056768K
  class space    used 608K, capacity 656K, committed 768K, reserved 1048576K
}
Event: 9.592 GC heap before
{Heap before GC invocations=4 (full 0):
 PSYoungGen      total 35328K, used 35297K [0x00000000eab00000, 0x00000000ef000000, 0x0000000100000000)
  eden space 32768K, 100% used [0x00000000eab00000,0x00000000ecb00000,0x00000000ecb00000)
  from space 2560K, 98% used [0x00000000ecb00000,0x00000000ecd786c8,0x00000000ecd80000)
  to   space 2560K, 0% used [0x00000000eed80000,0x00000000eed80000,0x00000000ef000000)
 ParOldGen       total 44032K, used 8410K [0x00000000c0000000, 0x00000000c2b00000, 0x00000000eab00000)
  object space 44032K, 19% used [0x00000000c0000000,0x00000000c0836ad0,0x00000000c2b00000)
 Metaspace       used 6235K, capacity 7128K, committed 7424K, reserved 1056768K
  class space    used 609K, capacity 656K, committed 768K, reserved 1048576K
Event: 9.880 GC heap after
Heap after GC invocations=4 (full 0):
 PSYoungGen      total 68096K, used 2545K [0x00000000eab00000, 0x00000000ef000000, 0x0000000100000000)
  eden space 65536K, 0% used [0x00000000eab00000,0x00000000eab00000,0x00000000eeb00000)
  from space 2560K, 99% used [0x00000000eed80000,0x00000000eeffc6d8,0x00000000ef000000)
  to   space 2560K, 0% used [0x00000000eeb00000,0x00000000eeb00000,0x00000000eed80000)
 ParOldGen       total 44032K, used 13330K [0x00000000c0000000, 0x00000000c2b00000, 0x00000000eab00000)
  object space 44032K, 30% used [0x00000000c0000000,0x00000000c0d04aa0,0x00000000c2b00000)
 Metaspace       used 6235K, capacity 7128K, committed 7424K, reserved 1056768K
  class space    used 609K, capacity 656K, committed 768K, reserved 1048576K
}
Event: 13.920 GC heap before
{Heap before GC invocations=5 (full 0):
 PSYoungGen      total 68096K, used 68081K [0x00000000eab00000, 0x00000000ef000000, 0x0000000100000000)
  eden space 65536K, 100% used [0x00000000eab00000,0x00000000eeb00000,0x00000000eeb00000)
  from space 2560K, 99% used [0x00000000eed80000,0x00000000eeffc6d8,0x00000000ef000000)
  to   space 2560K, 0% used [0x00000000eeb00000,0x00000000eeb00000,0x00000000eed80000)
 ParOldGen       total 44032K, used 13330K [0x00000000c0000000, 0x00000000c2b00000, 0x00000000eab00000)
  object space 44032K, 30% used [0x00000000c0000000,0x00000000c0d04aa0,0x00000000c2b00000)
 Metaspace       used 6305K, capacity 7128K, committed 7424K, reserved 1056768K
  class space    used 609K, capacity 656K, committed 768K, reserved 1048576K
Event: 15.003 GC heap after
Heap after GC invocations=5 (full 0):
 PSYoungGen      total 68096K, used 2539K [0x00000000eab00000, 0x00000000f4500000, 0x0000000100000000)
  eden space 65536K, 0% used [0x00000000eab00000,0x00000000eab00000,0x00000000eeb00000)
  from space 2560K, 99% used [0x00000000eeb00000,0x00000000eed7acc0,0x00000000eed80000)
  to   space 13312K, 0% used [0x00000000f3800000,0x00000000f3800000,0x00000000f4500000)
 ParOldGen       total 44032K, used 23343K [0x00000000c0000000, 0x00000000c2b00000, 0x00000000eab00000)
  object space 44032K, 53% used [0x00000000c0000000,0x00000000c16cbcf8,0x00000000c2b00000)
 Metaspace       used 6305K, capacity 7128K, committed 7424K, reserved 1056768K
  class space    used 609K, capacity 656K, committed 768K, reserved 1048576K
}

Deoptimization events (10 events):
Event: 11.067 Thread 0x0000000002800800 Uncommon trap: reason=unloaded action=reinterpret pc=0x0000000002ecbc60 method=com.android.dx.ssa.LiteralOpUpgrader$1.visitNonMoveInsn(Lcom/android/dx/ssa/NormalSsaInsn;)V @ 72
Event: 11.068 Thread 0x0000000002800800 Uncommon trap: reason=unreached action=reinterpret pc=0x0000000002d3425c method=com.android.dx.ssa.SsaMethod.updateOneDefinition(Lcom/android/dx/ssa/SsaInsn;Lcom/android/dx/rop/code/RegisterSpec;)V @ 4
Event: 11.083 Thread 0x0000000002800800 Uncommon trap: reason=bimorphic action=maybe_recompile pc=0x0000000002f686e8 method=com.android.dx.cf.code.BytecodeArray.parseInstruction(ILcom/android/dx/cf/code/BytecodeArray$Visitor;)I @ 971
Event: 11.083 Thread 0x0000000002800800 Uncommon trap: reason=bimorphic action=maybe_recompile pc=0x0000000002f68668 method=com.android.dx.cf.code.BytecodeArray.parseInstruction(ILcom/android/dx/cf/code/BytecodeArray$Visitor;)I @ 955
Event: 11.083 Thread 0x0000000002800800 Uncommon trap: reason=bimorphic action=maybe_recompile pc=0x0000000002f686e8 method=com.android.dx.cf.code.BytecodeArray.parseInstruction(ILcom/android/dx/cf/code/BytecodeArray$Visitor;)I @ 971
Event: 11.198 Thread 0x0000000002800800 Uncommon trap: reason=class_check action=maybe_recompile pc=0x0000000002fb7f3c method=com.android.dx.cf.code.RopperMachine.run(Lcom/android/dx/cf/code/Frame;II)V @ 310
Event: 12.362 Thread 0x0000000016de5000 Uncommon trap: reason=bimorphic action=maybe_recompile pc=0x00000000030cbd3c method=com.android.dx.cf.code.BytecodeArray.parseInstruction(ILcom/android/dx/cf/code/BytecodeArray$Visitor;)I @ 1130
Event: 12.362 Thread 0x0000000016de5000 Uncommon trap: reason=bimorphic action=maybe_recompile pc=0x00000000030cbd3c method=com.android.dx.cf.code.BytecodeArray.parseInstruction(ILcom/android/dx/cf/code/BytecodeArray$Visitor;)I @ 1130
Event: 15.190 Thread 0x0000000016d57000 Uncommon trap: reason=bimorphic action=maybe_recompile pc=0x0000000003110cb0 method=com.android.dx.cf.code.BytecodeArray.parseInstruction(ILcom/android/dx/cf/code/BytecodeArray$Visitor;)I @ 1357
Event: 15.190 Thread 0x0000000016d57000 Uncommon trap: reason=unreached action=reinterpret pc=0x0000000002f7944c method=com.android.dx.ssa.LocalVariableExtractor.processBlock(I)V @ 251

Internal exceptions (10 events):
Event: 3.907 Thread 0x0000000002800800 Exception <a 'java/security/PrivilegedActionException'> (0x00000000eaeb1828) thrown at [D:\re\workspace\8-2-build-windows-amd64-cygwin\jdk8u20\1074\hotspot\src\share\vm\prims\jvm.cpp, line 1275]
Event: 4.174 Thread 0x0000000016de5000 Exception <a 'java/lang/ArrayIndexOutOfBoundsException': 18> (0x00000000eb310ef0) thrown at [D:\re\workspace\8-2-build-windows-amd64-cygwin\jdk8u20\1074\hotspot\src\share\vm\interpreter\interpreterRuntime.cpp, line 366]
Event: 4.175 Thread 0x0000000016de5000 Exception <a 'java/lang/ArrayIndexOutOfBoundsException': 145> (0x00000000eb312988) thrown at [D:\re\workspace\8-2-build-windows-amd64-cygwin\jdk8u20\1074\hotspot\src\share\vm\interpreter\interpreterRuntime.cpp, line 366]
Event: 4.175 Thread 0x0000000016de5000 Exception <a 'java/lang/ArrayIndexOutOfBoundsException': 40> (0x00000000eb313ba0) thrown at [D:\re\workspace\8-2-build-windows-amd64-cygwin\jdk8u20\1074\hotspot\src\share\vm\interpreter\interpreterRuntime.cpp, line 366]
Event: 4.347 Thread 0x0000000002800800 Exception <a 'java/security/PrivilegedActionException'> (0x00000000eb12a270) thrown at [D:\re\workspace\8-2-build-windows-amd64-cygwin\jdk8u20\1074\hotspot\src\share\vm\prims\jvm.cpp, line 1275]
Event: 4.347 Thread 0x0000000002800800 Exception <a 'java/security/PrivilegedActionException'> (0x00000000eb12cab0) thrown at [D:\re\workspace\8-2-build-windows-amd64-cygwin\jdk8u20\1074\hotspot\src\share\vm\prims\jvm.cpp, line 1275]
Event: 4.429 Thread 0x0000000016de7000 Exception <a 'java/security/PrivilegedActionException'> (0x00000000ebaa0ad0) thrown at [D:\re\workspace\8-2-build-windows-amd64-cygwin\jdk8u20\1074\hotspot\src\share\vm\prims\jvm.cpp, line 1275]
Event: 6.187 Thread 0x0000000016de5000 Implicit null exception at 0x0000000002bfbaa2 to 0x0000000002bfbb95
Event: 9.388 Thread 0x0000000016de5800 Exception <a 'java/security/PrivilegedActionException'> (0x00000000ebdbd4c0) thrown at [D:\re\workspace\8-2-build-windows-amd64-cygwin\jdk8u20\1074\hotspot\src\share\vm\prims\jvm.cpp, line 1275]
Event: 11.067 Thread 0x0000000002800800 Exception <a 'java/security/PrivilegedActionException'> (0x00000000ec9cfa00) thrown at [D:\re\workspace\8-2-build-windows-amd64-cygwin\jdk8u20\1074\hotspot\src\share\vm\prims\jvm.cpp, line 1275]

Events (10 events):
Event: 15.292 Thread 0x0000000016de5800 DEOPT PACKING pc=0x0000000002fd8cf6 sp=0x0000000017a3e6c0
Event: 15.292 Thread 0x0000000016de5800 DEOPT UNPACKING pc=0x00000000029475bf sp=0x0000000017a3e450 mode 0
Event: 15.296 Thread 0x0000000016de5800 DEOPT PACKING pc=0x0000000002dba469 sp=0x0000000017a3e7e0
Event: 15.296 Thread 0x0000000016de5800 DEOPT UNPACKING pc=0x00000000029475bf sp=0x0000000017a3e610 mode 0
Event: 15.331 Thread 0x0000000002800800 DEOPT PACKING pc=0x0000000002e57605 sp=0x000000000279e2b0
Event: 15.331 Thread 0x0000000002800800 DEOPT UNPACKING pc=0x00000000029475bf sp=0x000000000279dfe8 mode 0
Event: 15.339 Thread 0x0000000002800800 DEOPT PACKING pc=0x00000000030c0715 sp=0x000000000279e1d0
Event: 15.339 Thread 0x0000000002800800 DEOPT UNPACKING pc=0x00000000029475bf sp=0x000000000279dfa8 mode 0
Event: 15.341 Thread 0x0000000002800800 DEOPT PACKING pc=0x0000000002dba480 sp=0x000000000279e1d0
Event: 15.341 Thread 0x0000000002800800 DEOPT UNPACKING pc=0x00000000029475bf sp=0x000000000279e000 mode 0


Dynamic libraries:
0x00007ff6a57f0000 - 0x00007ff6a5824000 	C:\Program Files\Java\jdk1.8.0_20\bin\java.exe
0x00007ff8493e0000 - 0x00007ff84958d000 	C:\windows\SYSTEM32\ntdll.dll
0x00007ff848ff0000 - 0x00007ff84912e000 	C:\windows\system32\KERNEL32.DLL
0x00007ff846730000 - 0x00007ff846845000 	C:\windows\system32\KERNELBASE.dll
0x00007ff8450c0000 - 0x00007ff84514e000 	C:\windows\system32\apphelp.dll
0x00007ff83e060000 - 0x00007ff83e0b3000 	C:\windows\AppPatch\AppPatch64\AcGenral.DLL
0x00007ff848dc0000 - 0x00007ff848e6a000 	C:\windows\system32\msvcrt.dll
0x00007ff846a30000 - 0x00007ff846a5e000 	C:\windows\system32\SspiCli.dll
0x00007ff849380000 - 0x00007ff8493d4000 	C:\windows\system32\SHLWAPI.dll
0x00007ff848e70000 - 0x00007ff848fe7000 	C:\windows\system32\USER32.dll
0x00007ff8491e0000 - 0x00007ff849374000 	C:\windows\system32\ole32.dll
0x00007ff847730000 - 0x00007ff848c58000 	C:\windows\system32\SHELL32.dll
0x00007ff845b40000 - 0x00007ff845b61000 	C:\windows\SYSTEM32\USERENV.dll
0x00007ff847580000 - 0x00007ff84762a000 	C:\windows\system32\ADVAPI32.dll
0x00007ff83ebd0000 - 0x00007ff83ebee000 	C:\windows\SYSTEM32\MPR.dll
0x00007ff846de0000 - 0x00007ff846f20000 	C:\windows\system32\RPCRT4.dll
0x00007ff846a80000 - 0x00007ff846ad9000 	C:\windows\SYSTEM32\sechost.dll
0x00007ff846f80000 - 0x00007ff847192000 	C:\windows\SYSTEM32\combase.dll
0x00007ff848c60000 - 0x00007ff848daf000 	C:\windows\system32\GDI32.dll
0x00007ff846500000 - 0x00007ff846515000 	C:\windows\SYSTEM32\profapi.dll
0x00007ff844870000 - 0x00007ff844922000 	C:\windows\SYSTEM32\SHCORE.dll
0x00007ff8491a0000 - 0x00007ff8491d6000 	C:\windows\system32\IMM32.DLL
0x00007ff847360000 - 0x00007ff8474b2000 	C:\windows\system32\MSCTF.dll
0x00007ff8435d0000 - 0x00007ff84384b000 	C:\windows\WinSxS\amd64_microsoft.windows.common-controls_6595b64144ccf1df_6.0.9600.18006_none_623f33d3ecbe86e8\COMCTL32.dll
0x000000005d080000 - 0x000000005d152000 	C:\Program Files\Java\jdk1.8.0_20\jre\bin\msvcr100.dll
0x000000005ad70000 - 0x000000005b5c8000 	C:\Program Files\Java\jdk1.8.0_20\jre\bin\server\jvm.dll
0x00007ff841fe0000 - 0x00007ff841fe9000 	C:\windows\SYSTEM32\WSOCK32.dll
0x00007ff83eba0000 - 0x00007ff83ebc2000 	C:\windows\SYSTEM32\WINMM.dll
0x00007ff846a70000 - 0x00007ff846a77000 	C:\windows\system32\PSAPI.DLL
0x00007ff846ba0000 - 0x00007ff846bfa000 	C:\windows\system32\WS2_32.dll
0x00007ff83eb70000 - 0x00007ff83eb9a000 	C:\windows\SYSTEM32\WINMMBASE.dll
0x00007ff848db0000 - 0x00007ff848db9000 	C:\windows\system32\NSI.dll
0x00007ff846630000 - 0x00007ff84667f000 	C:\windows\SYSTEM32\cfgmgr32.dll
0x00007ff845310000 - 0x00007ff845338000 	C:\windows\SYSTEM32\DEVOBJ.dll
0x000000005d070000 - 0x000000005d07f000 	C:\Program Files\Java\jdk1.8.0_20\jre\bin\verify.dll
0x000000005d040000 - 0x000000005d068000 	C:\Program Files\Java\jdk1.8.0_20\jre\bin\java.dll
0x000000005d020000 - 0x000000005d036000 	C:\Program Files\Java\jdk1.8.0_20\jre\bin\zip.dll
0x00007ff833210000 - 0x00007ff833399000 	C:\windows\SYSTEM32\dbghelp.dll

VM Arguments:
jvm_args: -Djava.awt.headless=true -Xmx1024M -Dfile.encoding=windows-1252 -Duser.country=BE -Duser.language=fr -Duser.variant 
java_command: com.android.dx.command.Main --dex --force-jumbo --num-threads=4 --multi-dex --output C:\Users\mupac_000\Desktop\StockHawk-master\app\build\intermediates\transforms\dex\debug\folders\1000\10\MPAndroidChart-v3.0.1_32c569b728a8b7be751a0efbb31fb090cb90eff5 C:\Users\mupac_000\.gradle\caches\modules-2\files-2.1\com.github.PhilJay\MPAndroidChart\v3.0.1\369f9aa48a629b4e92557b37326f42dc3de796e4\MPAndroidChart-v3.0.1.jar
java_class_path (initial): C:\Users\mupac_000\AppData\Local\Android\sdk\build-tools\25.0.2\lib\dx.jar
Launcher Type: SUN_STANDARD

Environment Variables:
PATH=C:\python35\Scripts\;C:\python35\;C:\ProgramData\Oracle\Java\javapath;C:\windows\system32;C:\windows;C:\windows\System32\Wbem;C:\windows\System32\WindowsPowerShell\v1.0\;C:\Program Files\nodejs\;C:\Program Files\doxygen\bin;C:\Program Files\Git\cmd;C:\Program Files\Git\mingw64\bin;C:\Program Files\Git\usr\bin;C:\Program Files (x86)\Brackets\command;C:\ProgramData\ComposerSetup\bin;C:\Program Files (x86)\Google\Cloud SDK\google-cloud-sdk\bin;C:\Program Files (x86)\QuickTime Alternative\QTSystem;C:\Program Files (x86)\Skype\Phone\;C:\Users\mupac_000\AppData\Roaming\npm;C:\wamp64\bin\php\php5.6.16;C:\Users\mupac_000\AppData\Roaming\Composer\vendor\bin
USERNAME=mupac_000
OS=Windows_NT
PROCESSOR_IDENTIFIER=Intel64 Family 6 Model 69 Stepping 1, GenuineIntel



---------------  S Y S T E M  ---------------

OS: Windows 8.1 , 64 bit Build 9600 

CPU:total 4 (2 cores per cpu, 2 threads per core) family 6 model 69 stepping 1, cmov, cx8, fxsr, mmx, sse, sse2, sse3, ssse3, sse4.1, sse4.2, popcnt, avx, avx2, aes, clmul, erms, lzcnt, ht, tsc, tscinvbit, bmi1, bmi2

Memory: 4k page, physical 4097096k(148012k free), swap 7242824k(8576k free)

vm_info: Java HotSpot(TM) 64-Bit Server VM (25.20-b23) for windows-amd64 JRE (1.8.0_20-b26), built on Jul 30 2014 13:51:23 by "java_re" with MS VC++ 10.0 (VS2010)

time: Sat May 20 03:21:22 2017
elapsed time: 15 seconds (0d 0h 0m 15s)

