#
# There is insufficient memory for the Java Runtime Environment to continue.
# Native memory allocation (malloc) failed to allocate 2060976 bytes for Chunk::new
# Possible reasons:
#   The system is out of physical RAM or swap space
#   In 32 bit mode, the process size limit was hit
# Possible solutions:
#   Reduce memory load on the system
#   Increase physical memory or swap space
#   Check if swap backing store is full
#   Use 64 bit Java on a 64 bit OS
#   Decrease Java heap size (-Xmx/-Xms)
#   Decrease number of Java threads
#   Decrease Java thread stack sizes (-Xss)
#   Set larger code cache with -XX:ReservedCodeCacheSize=
# This output file may be truncated or incomplete.
#
#  Out of Memory Error (allocation.cpp:390), pid=1400, tid=1120
#
# JRE version: Java(TM) SE Runtime Environment (8.0_20-b26) (build 1.8.0_20-b26)
# Java VM: Java HotSpot(TM) 64-Bit Server VM (25.20-b23 mixed mode windows-amd64 compressed oops)
# Failed to write core dump. Minidumps are not enabled by default on client versions of Windows
#

---------------  T H R E A D  ---------------

Current thread (0x000000001467c000):  JavaThread "C2 CompilerThread0" daemon [_thread_in_native, id=1120, stack(0x0000000015be0000,0x0000000015ce0000)]

Stack: [0x0000000015be0000,0x0000000015ce0000]
Native frames: (J=compiled Java code, j=interpreted, Vv=VM code, C=native code)
V  [jvm.dll+0x3152fa]


Current CompileTask:
C2:  14819 1971   !   4       com.android.dx.cf.code.BytecodeArray::parseInstruction (2764 bytes)


---------------  P R O C E S S  ---------------

Java Threads: ( => current thread )
  0x00000000161d1000 JavaThread "pool-2-thread-4" [_thread_in_Java, id=2408, stack(0x00000000170e0000,0x00000000171e0000)]
  0x00000000161ee000 JavaThread "pool-2-thread-3" [_thread_in_Java, id=6512, stack(0x0000000016fe0000,0x00000000170e0000)]
  0x00000000161ed000 JavaThread "pool-2-thread-2" [_thread_blocked, id=732, stack(0x0000000016ee0000,0x0000000016fe0000)]
  0x00000000161ef800 JavaThread "pool-3-thread-1" [_thread_blocked, id=4256, stack(0x0000000016de0000,0x0000000016ee0000)]
  0x00000000162de000 JavaThread "pool-2-thread-1" [_thread_in_Java, id=2412, stack(0x0000000016ce0000,0x0000000016de0000)]
  0x00000000146de800 JavaThread "Service Thread" daemon [_thread_blocked, id=4392, stack(0x00000000162e0000,0x00000000163e0000)]
  0x00000000146db800 JavaThread "C1 CompilerThread2" daemon [_thread_blocked, id=5296, stack(0x0000000015de0000,0x0000000015ee0000)]
  0x000000001467f000 JavaThread "C2 CompilerThread1" daemon [_thread_in_native, id=5888, stack(0x0000000015ce0000,0x0000000015de0000)]
=>0x000000001467c000 JavaThread "C2 CompilerThread0" daemon [_thread_in_native, id=1120, stack(0x0000000015be0000,0x0000000015ce0000)]
  0x000000001467a800 JavaThread "Attach Listener" daemon [_thread_blocked, id=5556, stack(0x0000000015ae0000,0x0000000015be0000)]
  0x0000000014679000 JavaThread "Signal Dispatcher" daemon [_thread_blocked, id=5100, stack(0x00000000159e0000,0x0000000015ae0000)]
  0x0000000001fa0800 JavaThread "Finalizer" daemon [_thread_blocked, id=8104, stack(0x00000000158e0000,0x00000000159e0000)]
  0x0000000001f9d000 JavaThread "Reference Handler" daemon [_thread_blocked, id=5764, stack(0x00000000157e0000,0x00000000158e0000)]
  0x0000000001eb0800 JavaThread "main" [_thread_blocked, id=3308, stack(0x0000000001cc0000,0x0000000001dc0000)]

Other Threads:
  0x0000000014646800 VMThread [stack: 0x00000000156e0000,0x00000000157e0000] [id=2892]
  0x0000000015ee6800 WatcherThread [stack: 0x00000000163e0000,0x00000000164e0000] [id=2684]

VM state:not at safepoint (normal execution)

VM Mutex/Monitor currently owned by a thread: None

Heap:
 PSYoungGen      total 35328K, used 15161K [0x00000000eab00000, 0x00000000ed000000, 0x0000000100000000)
  eden space 32768K, 38% used [0x00000000eab00000,0x00000000eb74e790,0x00000000ecb00000)
  from space 2560K, 100% used [0x00000000ecd80000,0x00000000ed000000,0x00000000ed000000)
  to   space 2560K, 0% used [0x00000000ecb00000,0x00000000ecb00000,0x00000000ecd80000)
 ParOldGen       total 44032K, used 18297K [0x00000000c0000000, 0x00000000c2b00000, 0x00000000eab00000)
  object space 44032K, 41% used [0x00000000c0000000,0x00000000c11de758,0x00000000c2b00000)
 Metaspace       used 6327K, capacity 7152K, committed 7296K, reserved 1056768K
  class space    used 593K, capacity 616K, committed 640K, reserved 1048576K

Card table byte_map: [0x0000000011370000,0x0000000011580000] byte_map_base: 0x0000000010d70000

Marking Bits: (ParMarkBitMap*) 0x000000005b54b460
 Begin Bits: [0x0000000011ae0000, 0x0000000012ae0000)
 End Bits:   [0x0000000012ae0000, 0x0000000013ae0000)

Polling page: 0x00000000004c0000

CodeCache: size=245760Kb used=8318Kb max_used=8318Kb free=237441Kb
 bounds [0x0000000001fb0000, 0x00000000027e0000, 0x0000000010fb0000]
 total_blobs=2193 nmethods=1926 adapters=179
 compilation: disabled (not enough contiguous free space left)

Compilation events (10 events):
Event: 14.087 Thread 0x00000000146db800 1988       3       com.android.dx.cf.attrib.InnerClassList::<init> (6 bytes)
Event: 14.087 Thread 0x00000000146db800 nmethod 1988 0x00000000027ccd10 code [0x00000000027cce80, 0x00000000027cd008]
Event: 14.087 Thread 0x00000000146db800 1989   !   3       com.android.dx.cf.attrib.AttInnerClasses::<init> (43 bytes)
Event: 14.088 Thread 0x00000000146db800 nmethod 1989 0x00000000027cd090 code [0x00000000027cd220, 0x00000000027cd6d8]
Event: 14.088 Thread 0x00000000146db800 1990       3       com.android.dx.cf.attrib.AttInnerClasses::byteLength (14 bytes)
Event: 14.089 Thread 0x00000000146db800 nmethod 1990 0x00000000027cd910 code [0x00000000027cda80, 0x00000000027cdcd0]
Event: 14.089 Thread 0x00000000146db800 1991       3       java.util.concurrent.locks.AbstractQueuedSynchronizer::addWaiter (50 bytes)
Event: 14.091 Thread 0x00000000146db800 nmethod 1991 0x00000000027cddd0 code [0x00000000027cdf60, 0x00000000027ce3a8]
Event: 14.096 Thread 0x00000000146db800 1993       2       com.android.dx.rop.code.RegisterSpec::withLocalItem (41 bytes)
Event: 14.097 Thread 0x00000000146db800 nmethod 1993 0x00000000027ce550 code [0x00000000027ce6c0, 0x00000000027ce918]

GC Heap History (10 events):
Event: 0.704 GC heap before
{Heap before GC invocations=1 (full 0):
 PSYoungGen      total 18944K, used 16384K [0x00000000eab00000, 0x00000000ec000000, 0x0000000100000000)
  eden space 16384K, 100% used [0x00000000eab00000,0x00000000ebb00000,0x00000000ebb00000)
  from space 2560K, 0% used [0x00000000ebd80000,0x00000000ebd80000,0x00000000ec000000)
  to   space 2560K, 0% used [0x00000000ebb00000,0x00000000ebb00000,0x00000000ebd80000)
 ParOldGen       total 44032K, used 0K [0x00000000c0000000, 0x00000000c2b00000, 0x00000000eab00000)
  object space 44032K, 0% used [0x00000000c0000000,0x00000000c0000000,0x00000000c2b00000)
 Metaspace       used 3991K, capacity 5168K, committed 5376K, reserved 1056768K
  class space    used 442K, capacity 488K, committed 512K, reserved 1048576K
Event: 0.706 GC heap after
Heap after GC invocations=1 (full 0):
 PSYoungGen      total 18944K, used 1637K [0x00000000eab00000, 0x00000000ec000000, 0x0000000100000000)
  eden space 16384K, 0% used [0x00000000eab00000,0x00000000eab00000,0x00000000ebb00000)
  from space 2560K, 63% used [0x00000000ebb00000,0x00000000ebc99618,0x00000000ebd80000)
  to   space 2560K, 0% used [0x00000000ebd80000,0x00000000ebd80000,0x00000000ec000000)
 ParOldGen       total 44032K, used 8K [0x00000000c0000000, 0x00000000c2b00000, 0x00000000eab00000)
  object space 44032K, 0% used [0x00000000c0000000,0x00000000c0002000,0x00000000c2b00000)
 Metaspace       used 3991K, capacity 5168K, committed 5376K, reserved 1056768K
  class space    used 442K, capacity 488K, committed 512K, reserved 1048576K
}
Event: 2.815 GC heap before
{Heap before GC invocations=2 (full 0):
 PSYoungGen      total 18944K, used 18021K [0x00000000eab00000, 0x00000000ec000000, 0x0000000100000000)
  eden space 16384K, 100% used [0x00000000eab00000,0x00000000ebb00000,0x00000000ebb00000)
  from space 2560K, 63% used [0x00000000ebb00000,0x00000000ebc99618,0x00000000ebd80000)
  to   space 2560K, 0% used [0x00000000ebd80000,0x00000000ebd80000,0x00000000ec000000)
 ParOldGen       total 44032K, used 8K [0x00000000c0000000, 0x00000000c2b00000, 0x00000000eab00000)
  object space 44032K, 0% used [0x00000000c0000000,0x00000000c0002000,0x00000000c2b00000)
 Metaspace       used 5902K, capacity 6832K, committed 7040K, reserved 1056768K
  class space    used 589K, capacity 616K, committed 640K, reserved 1048576K
Event: 3.231 GC heap after
Heap after GC invocations=2 (full 0):
 PSYoungGen      total 18944K, used 2551K [0x00000000eab00000, 0x00000000ed000000, 0x0000000100000000)
  eden space 16384K, 0% used [0x00000000eab00000,0x00000000eab00000,0x00000000ebb00000)
  from space 2560K, 99% used [0x00000000ebd80000,0x00000000ebffdc60,0x00000000ec000000)
  to   space 2560K, 0% used [0x00000000ebb00000,0x00000000ebb00000,0x00000000ebd80000)
 ParOldGen       total 44032K, used 1794K [0x00000000c0000000, 0x00000000c2b00000, 0x00000000eab00000)
  object space 44032K, 4% used [0x00000000c0000000,0x00000000c01c0a00,0x00000000c2b00000)
 Metaspace       used 5902K, capacity 6832K, committed 7040K, reserved 1056768K
  class space    used 589K, capacity 616K, committed 640K, reserved 1048576K
}
Event: 4.779 GC heap before
{Heap before GC invocations=3 (full 0):
 PSYoungGen      total 18944K, used 18935K [0x00000000eab00000, 0x00000000ed000000, 0x0000000100000000)
  eden space 16384K, 100% used [0x00000000eab00000,0x00000000ebb00000,0x00000000ebb00000)
  from space 2560K, 99% used [0x00000000ebd80000,0x00000000ebffdc60,0x00000000ec000000)
  to   space 2560K, 0% used [0x00000000ebb00000,0x00000000ebb00000,0x00000000ebd80000)
 ParOldGen       total 44032K, used 1794K [0x00000000c0000000, 0x00000000c2b00000, 0x00000000eab00000)
  object space 44032K, 4% used [0x00000000c0000000,0x00000000c01c0a00,0x00000000c2b00000)
 Metaspace       used 6110K, capacity 7024K, committed 7296K, reserved 1056768K
  class space    used 593K, capacity 616K, committed 640K, reserved 1048576K
Event: 4.956 GC heap after
Heap after GC invocations=3 (full 0):
 PSYoungGen      total 18944K, used 2538K [0x00000000eab00000, 0x00000000ed000000, 0x0000000100000000)
  eden space 16384K, 0% used [0x00000000eab00000,0x00000000eab00000,0x00000000ebb00000)
  from space 2560K, 99% used [0x00000000ebb00000,0x00000000ebd7aaa0,0x00000000ebd80000)
  to   space 2560K, 0% used [0x00000000ecd80000,0x00000000ecd80000,0x00000000ed000000)
 ParOldGen       total 44032K, used 4486K [0x00000000c0000000, 0x00000000c2b00000, 0x00000000eab00000)
  object space 44032K, 10% used [0x00000000c0000000,0x00000000c0461818,0x00000000c2b00000)
 Metaspace       used 6110K, capacity 7024K, committed 7296K, reserved 1056768K
  class space    used 593K, capacity 616K, committed 640K, reserved 1048576K
}
Event: 7.987 GC heap before
{Heap before GC invocations=4 (full 0):
 PSYoungGen      total 18944K, used 18922K [0x00000000eab00000, 0x00000000ed000000, 0x0000000100000000)
  eden space 16384K, 100% used [0x00000000eab00000,0x00000000ebb00000,0x00000000ebb00000)
  from space 2560K, 99% used [0x00000000ebb00000,0x00000000ebd7aaa0,0x00000000ebd80000)
  to   space 2560K, 0% used [0x00000000ecd80000,0x00000000ecd80000,0x00000000ed000000)
 ParOldGen       total 44032K, used 4486K [0x00000000c0000000, 0x00000000c2b00000, 0x00000000eab00000)
  object space 44032K, 10% used [0x00000000c0000000,0x00000000c0461818,0x00000000c2b00000)
 Metaspace       used 6201K, capacity 7088K, committed 7296K, reserved 1056768K
  class space    used 593K, capacity 616K, committed 640K, reserved 1048576K
Event: 8.663 GC heap after
Heap after GC invocations=4 (full 0):
 PSYoungGen      total 35328K, used 2544K [0x00000000eab00000, 0x00000000ed000000, 0x0000000100000000)
  eden space 32768K, 0% used [0x00000000eab00000,0x00000000eab00000,0x00000000ecb00000)
  from space 2560K, 99% used [0x00000000ecd80000,0x00000000ecffc020,0x00000000ed000000)
  to   space 2560K, 0% used [0x00000000ecb00000,0x00000000ecb00000,0x00000000ecd80000)
 ParOldGen       total 44032K, used 7344K [0x00000000c0000000, 0x00000000c2b00000, 0x00000000eab00000)
  object space 44032K, 16% used [0x00000000c0000000,0x00000000c072c158,0x00000000c2b00000)
 Metaspace       used 6201K, capacity 7088K, committed 7296K, reserved 1056768K
  class space    used 593K, capacity 616K, committed 640K, reserved 1048576K
}
Event: 12.387 GC heap before
{Heap before GC invocations=5 (full 0):
 PSYoungGen      total 35328K, used 35312K [0x00000000eab00000, 0x00000000ed000000, 0x0000000100000000)
  eden space 32768K, 100% used [0x00000000eab00000,0x00000000ecb00000,0x00000000ecb00000)
  from space 2560K, 99% used [0x00000000ecd80000,0x00000000ecffc020,0x00000000ed000000)
  to   space 2560K, 0% used [0x00000000ecb00000,0x00000000ecb00000,0x00000000ecd80000)
 ParOldGen       total 44032K, used 7344K [0x00000000c0000000, 0x00000000c2b00000, 0x00000000eab00000)
  object space 44032K, 16% used [0x00000000c0000000,0x00000000c072c158,0x00000000c2b00000)
 Metaspace       used 6265K, capacity 7152K, committed 7296K, reserved 1056768K
  class space    used 593K, capacity 616K, committed 640K, reserved 1048576K
Event: 12.525 GC heap after
Heap after GC invocations=5 (full 0):
 PSYoungGen      total 35328K, used 2560K [0x00000000eab00000, 0x00000000ed000000, 0x0000000100000000)
  eden space 32768K, 0% used [0x00000000eab00000,0x00000000eab00000,0x00000000ecb00000)
  from space 2560K, 100% used [0x00000000ecb00000,0x00000000ecd80000,0x00000000ecd80000)
  to   space 2560K, 0% used [0x00000000ecd80000,0x00000000ecd80000,0x00000000ed000000)
 ParOldGen       total 44032K, used 12491K [0x00000000c0000000, 0x00000000c2b00000, 0x00000000eab00000)
  object space 44032K, 28% used [0x00000000c0000000,0x00000000c0c32d40,0x00000000c2b00000)
 Metaspace       used 6265K, capacity 7152K, committed 7296K, reserved 1056768K
  class space    used 593K, capacity 616K, committed 640K, reserved 1048576K
}

Deoptimization events (10 events):
Event: 3.333 Thread 0x00000000161ee000 Uncommon trap: reason=class_check action=maybe_recompile pc=0x0000000002393d40 method=com.android.dx.rop.type.Type.equals(Ljava/lang/Object;)Z @ 8
Event: 3.333 Thread 0x00000000161ee000 Uncommon trap: reason=class_check action=maybe_recompile pc=0x0000000002393d40 method=com.android.dx.rop.type.Type.equals(Ljava/lang/Object;)Z @ 8
Event: 3.334 Thread 0x00000000161ee000 Uncommon trap: reason=class_check action=maybe_recompile pc=0x00000000023213cc method=com.android.dx.rop.type.Type.equals(Ljava/lang/Object;)Z @ 8
Event: 3.770 Thread 0x00000000161ed000 Uncommon trap: reason=unreached action=reinterpret pc=0x000000000243dfdc method=com.android.dx.rop.cst.Constant.compareTo(Lcom/android/dx/rop/cst/Constant;)I @ 12
Event: 3.807 Thread 0x00000000161ed000 Uncommon trap: reason=unreached action=reinterpret pc=0x000000000241b65c method=com.android.dx.ssa.SsaMethod.updateOneDefinition(Lcom/android/dx/ssa/SsaInsn;Lcom/android/dx/rop/code/RegisterSpec;)V @ 4
Event: 9.162 Thread 0x00000000161ed000 Uncommon trap: reason=null_check action=make_not_entrant pc=0x0000000002400514 method=com.android.dx.ssa.SsaRenamer.getLocalForNewReg(I)Lcom/android/dx/rop/code/LocalItem; @ 19
Event: 9.163 Thread 0x00000000161ed000 Uncommon trap: reason=null_check action=make_not_entrant pc=0x0000000002408c50 method=com.android.dx.ssa.SsaRenamer.getLocalForNewReg(I)Lcom/android/dx/rop/code/LocalItem; @ 19
Event: 10.861 Thread 0x00000000162de000 Uncommon trap: reason=unreached action=reinterpret pc=0x00000000025c89ac method=com.android.dx.cf.code.BytecodeArray.parseInstruction(ILcom/android/dx/cf/code/BytecodeArray$Visitor;)I @ 1198
Event: 10.892 Thread 0x00000000161ee000 Uncommon trap: reason=unreached action=reinterpret pc=0x000000000266ba2c method=com.android.dx.ssa.LocalVariableExtractor.processBlock(I)V @ 251
Event: 12.327 Thread 0x0000000001eb0800 Uncommon trap: reason=unreached action=reinterpret pc=0x00000000025e15c4 method=com.android.dx.rop.code.LocalVariableExtractor.processBlock(I)V @ 195

Internal exceptions (10 events):
Event: 1.815 Thread 0x00000000161d1000 Exception <a 'java/security/PrivilegedActionException'> (0x00000000eb5165f0) thrown at [D:\re\workspace\8-2-build-windows-amd64-cygwin\jdk8u20\1074\hotspot\src\share\vm\prims\jvm.cpp, line 1275]
Event: 1.817 Thread 0x00000000161d1000 Exception <a 'java/security/PrivilegedActionException'> (0x00000000eb51c038) thrown at [D:\re\workspace\8-2-build-windows-amd64-cygwin\jdk8u20\1074\hotspot\src\share\vm\prims\jvm.cpp, line 1275]
Event: 1.818 Thread 0x00000000161d1000 Exception <a 'java/security/PrivilegedActionException'> (0x00000000eb521740) thrown at [D:\re\workspace\8-2-build-windows-amd64-cygwin\jdk8u20\1074\hotspot\src\share\vm\prims\jvm.cpp, line 1275]
Event: 1.827 Thread 0x00000000161d1000 Exception <a 'java/security/PrivilegedActionException'> (0x00000000eb58d018) thrown at [D:\re\workspace\8-2-build-windows-amd64-cygwin\jdk8u20\1074\hotspot\src\share\vm\prims\jvm.cpp, line 1275]
Event: 3.362 Thread 0x0000000001eb0800 Exception <a 'java/security/PrivilegedActionException'> (0x00000000eafc38a8) thrown at [D:\re\workspace\8-2-build-windows-amd64-cygwin\jdk8u20\1074\hotspot\src\share\vm\prims\jvm.cpp, line 1275]
Event: 3.721 Thread 0x00000000161ed000 Exception <a 'java/security/PrivilegedActionException'> (0x00000000eae0c010) thrown at [D:\re\workspace\8-2-build-windows-amd64-cygwin\jdk8u20\1074\hotspot\src\share\vm\prims\jvm.cpp, line 1275]
Event: 3.806 Thread 0x00000000161ed000 Exception <a 'java/security/PrivilegedActionException'> (0x00000000eb1e1a08) thrown at [D:\re\workspace\8-2-build-windows-amd64-cygwin\jdk8u20\1074\hotspot\src\share\vm\prims\jvm.cpp, line 1275]
Event: 9.162 Thread 0x00000000161ed000 Implicit null exception at 0x00000000023feeed to 0x00000000024004f9
Event: 9.163 Thread 0x00000000161ed000 Implicit null exception at 0x00000000024076d3 to 0x0000000002408c15
Event: 12.847 Thread 0x00000000161ed000 Exception <a 'java/security/PrivilegedActionException'> (0x00000000ead73b40) thrown at [D:\re\workspace\8-2-build-windows-amd64-cygwin\jdk8u20\1074\hotspot\src\share\vm\prims\jvm.cpp, line 1275]

Events (10 events):
Event: 12.327 Thread 0x0000000001eb0800 DEOPT PACKING pc=0x00000000025e15c4 sp=0x0000000001dbe800
Event: 12.327 Thread 0x0000000001eb0800 DEOPT UNPACKING pc=0x0000000001ff556a sp=0x0000000001dbe7b0 mode 2
Event: 12.387 Executing VM operation: ParallelGCFailedAllocation
Event: 12.529 Executing VM operation: ParallelGCFailedAllocation done
Event: 12.847 loading class com/android/dx/rop/code/RegisterSpec$1
Event: 12.847 loading class com/android/dx/rop/code/RegisterSpec$1 done
Event: 12.881 Thread 0x00000000161d1000 DEOPT PACKING pc=0x00000000022e2f4f sp=0x00000000171de770
Event: 12.882 Thread 0x00000000161d1000 DEOPT UNPACKING pc=0x0000000001ff75bf sp=0x00000000171de580 mode 0
Event: 13.234 Thread 0x00000000161ee000 DEOPT PACKING pc=0x0000000002379a47 sp=0x00000000170de9c0
Event: 13.234 Thread 0x00000000161ee000 DEOPT UNPACKING pc=0x0000000001ff75bf sp=0x00000000170de770 mode 0


Dynamic libraries:
0x00007ff68b260000 - 0x00007ff68b294000 	C:\Program Files\Java\jdk1.8.0_20\bin\java.exe
0x00007ff8493e0000 - 0x00007ff84958d000 	C:\windows\SYSTEM32\ntdll.dll
0x00007ff848ff0000 - 0x00007ff84912e000 	C:\windows\system32\KERNEL32.DLL
0x00007ff846730000 - 0x00007ff846845000 	C:\windows\system32\KERNELBASE.dll
0x00007ff8450c0000 - 0x00007ff84514e000 	C:\windows\system32\apphelp.dll
0x00007ff83fce0000 - 0x00007ff83fd33000 	C:\windows\AppPatch\AppPatch64\AcGenral.DLL
0x00007ff848dc0000 - 0x00007ff848e6a000 	C:\windows\system32\msvcrt.dll
0x00007ff846a30000 - 0x00007ff846a5e000 	C:\windows\system32\SspiCli.dll
0x00007ff849380000 - 0x00007ff8493d4000 	C:\windows\system32\SHLWAPI.dll
0x00007ff848e70000 - 0x00007ff848fe7000 	C:\windows\system32\USER32.dll
0x00007ff8491e0000 - 0x00007ff849374000 	C:\windows\system32\ole32.dll
0x00007ff847730000 - 0x00007ff848c58000 	C:\windows\system32\SHELL32.dll
0x00007ff845b40000 - 0x00007ff845b61000 	C:\windows\SYSTEM32\USERENV.dll
0x00007ff847580000 - 0x00007ff84762a000 	C:\windows\system32\ADVAPI32.dll
0x00007ff83ebd0000 - 0x00007ff83ebee000 	C:\windows\SYSTEM32\MPR.dll
0x00007ff846de0000 - 0x00007ff846f20000 	C:\windows\system32\RPCRT4.dll
0x00007ff846a80000 - 0x00007ff846ad9000 	C:\windows\SYSTEM32\sechost.dll
0x00007ff846f80000 - 0x00007ff847192000 	C:\windows\SYSTEM32\combase.dll
0x00007ff848c60000 - 0x00007ff848daf000 	C:\windows\system32\GDI32.dll
0x00007ff846500000 - 0x00007ff846515000 	C:\windows\SYSTEM32\profapi.dll
0x00007ff844870000 - 0x00007ff844922000 	C:\windows\SYSTEM32\SHCORE.dll
0x00007ff8491a0000 - 0x00007ff8491d6000 	C:\windows\system32\IMM32.DLL
0x00007ff847360000 - 0x00007ff8474b2000 	C:\windows\system32\MSCTF.dll
0x00007ff8435d0000 - 0x00007ff84384b000 	C:\windows\WinSxS\amd64_microsoft.windows.common-controls_6595b64144ccf1df_6.0.9600.18006_none_623f33d3ecbe86e8\COMCTL32.dll
0x000000005cfa0000 - 0x000000005d072000 	C:\Program Files\Java\jdk1.8.0_20\jre\bin\msvcr100.dll
0x000000005ad70000 - 0x000000005b5c8000 	C:\Program Files\Java\jdk1.8.0_20\jre\bin\server\jvm.dll
0x00007ff842450000 - 0x00007ff842459000 	C:\windows\SYSTEM32\WSOCK32.dll
0x00007ff83eba0000 - 0x00007ff83ebc2000 	C:\windows\SYSTEM32\WINMM.dll
0x00007ff846a70000 - 0x00007ff846a77000 	C:\windows\system32\PSAPI.DLL
0x00007ff846ba0000 - 0x00007ff846bfa000 	C:\windows\system32\WS2_32.dll
0x00007ff83eb70000 - 0x00007ff83eb9a000 	C:\windows\SYSTEM32\WINMMBASE.dll
0x00007ff848db0000 - 0x00007ff848db9000 	C:\windows\system32\NSI.dll
0x00007ff846630000 - 0x00007ff84667f000 	C:\windows\SYSTEM32\cfgmgr32.dll
0x00007ff845310000 - 0x00007ff845338000 	C:\windows\SYSTEM32\DEVOBJ.dll
0x000000005e6f0000 - 0x000000005e6ff000 	C:\Program Files\Java\jdk1.8.0_20\jre\bin\verify.dll
0x000000005cf70000 - 0x000000005cf98000 	C:\Program Files\Java\jdk1.8.0_20\jre\bin\java.dll
0x000000005cf50000 - 0x000000005cf66000 	C:\Program Files\Java\jdk1.8.0_20\jre\bin\zip.dll

VM Arguments:
jvm_args: -Djava.awt.headless=true -Xmx1024M -Dfile.encoding=windows-1252 -Duser.country=BE -Duser.language=fr -Duser.variant 
java_command: com.android.dx.command.Main --dex --force-jumbo --num-threads=4 --multi-dex --output C:\Users\mupac_000\Desktop\StockHawk-master\app\build\intermediates\transforms\dex\debug\folders\1000\10\com.android.support-support-compat-25.1.0_35496c870adad1e5327f4eb7ae56c7aca82b16ae C:\Users\mupac_000\Desktop\StockHawk-master\app\build\intermediates\exploded-aar\com.android.support\support-compat\25.1.0\jars\classes.jar
java_class_path (initial): C:\Users\mupac_000\AppData\Local\Android\sdk\build-tools\25.0.2\lib\dx.jar
Launcher Type: SUN_STANDARD

Environment Variables:
PATH=C:\python35\Scripts\;C:\python35\;C:\ProgramData\Oracle\Java\javapath;C:\windows\system32;C:\windows;C:\windows\System32\Wbem;C:\windows\System32\WindowsPowerShell\v1.0\;C:\Program Files\nodejs\;C:\Program Files\doxygen\bin;C:\Program Files\Git\cmd;C:\Program Files\Git\mingw64\bin;C:\Program Files\Git\usr\bin;C:\Program Files (x86)\Brackets\command;C:\ProgramData\ComposerSetup\bin;C:\Program Files (x86)\Google\Cloud SDK\google-cloud-sdk\bin;C:\Program Files (x86)\QuickTime Alternative\QTSystem;C:\Program Files (x86)\Skype\Phone\;C:\Users\mupac_000\AppData\Roaming\npm;C:\wamp64\bin\php\php5.6.16;C:\Users\mupac_000\AppData\Roaming\Composer\vendor\bin
USERNAME=mupac_000
OS=Windows_NT
PROCESSOR_IDENTIFIER=Intel64 Family 6 Model 69 Stepping 1, GenuineIntel



---------------  S Y S T E M  ---------------

OS: Windows 8.1 , 64 bit Build 9600 

CPU:total 4 (2 cores per cpu, 2 threads per core) family 6 model 69 stepping 1, cmov, cx8, fxsr, mmx, sse, sse2, sse3, ssse3, sse4.1, sse4.2, popcnt, avx, avx2, aes, clmul, erms, lzcnt, ht, tsc, tscinvbit, bmi1, bmi2

Memory: 4k page, physical 4097096k(116456k free), swap 7242824k(5136k free)

vm_info: Java HotSpot(TM) 64-Bit Server VM (25.20-b23) for windows-amd64 JRE (1.8.0_20-b26), built on Jul 30 2014 13:51:23 by "java_re" with MS VC++ 10.0 (VS2010)

time: Sat May 20 18:59:59 2017
elapsed time: 14 seconds (0d 0h 0m 14s)

